Calling target program-options parser
[12:52:34.730] [bmv2] [D] [thread 6382] Set default default entry for table 'MyIngress.ipv4_lpm': NoAction - 
Adding interface s3-eth1 as port 1
[12:52:34.734] [bmv2] [D] [thread 6382] Adding interface s3-eth1 as port 1
Adding interface s3-eth2 as port 2
[12:52:34.735] [bmv2] [D] [thread 6382] Adding interface s3-eth2 as port 2
Server listening on 0.0.0.0:50053
[12:52:34.737] [bmv2] [I] [thread 6382] Starting Thrift server on port 9092
[12:52:34.738] [bmv2] [I] [thread 6382] Thrift server was started
[12:52:34.830] [bmv2] [D] [thread 6392] [0.0] [cxt 0] Processing packet received on port 1
[12:52:34.830] [bmv2] [D] [thread 6392] [0.0] [cxt 0] Parser 'parser': start
[12:52:34.830] [bmv2] [D] [thread 6392] [0.0] [cxt 0] Parser 'parser' entering state 'start'
[12:52:34.830] [bmv2] [D] [thread 6392] [0.0] [cxt 0] Parser state 'start' has no switch, going to default next state
[12:52:34.830] [bmv2] [T] [thread 6392] [0.0] [cxt 0] Bytes parsed: 0
[12:52:34.830] [bmv2] [D] [thread 6392] [0.0] [cxt 0] Parser 'parser': end
[12:52:34.830] [bmv2] [D] [thread 6392] [0.0] [cxt 0] Pipeline 'ingress': start
[12:52:34.830] [bmv2] [T] [thread 6392] [0.0] [cxt 0] Applying table 'MyIngress.ipv4_lpm'
[12:52:34.830] [bmv2] [D] [thread 6392] [0.0] [cxt 0] Looking up key:
* hdr.ipv4.dstAddr    : 00000000

[12:52:34.830] [bmv2] [D] [thread 6392] [0.0] [cxt 0] Table 'MyIngress.ipv4_lpm': miss
[12:52:34.830] [bmv2] [D] [thread 6392] [0.0] [cxt 0] Action entry is NoAction - 
[12:52:34.830] [bmv2] [T] [thread 6392] [0.0] [cxt 0] Action NoAction
[12:52:34.830] [bmv2] [D] [thread 6392] [0.0] [cxt 0] Pipeline 'ingress': end
[12:52:34.830] [bmv2] [D] [thread 6392] [0.0] [cxt 0] Egress port is 0
[12:52:34.830] [bmv2] [D] [thread 6393] [0.0] [cxt 0] Pipeline 'egress': start
[12:52:34.830] [bmv2] [D] [thread 6393] [0.0] [cxt 0] Pipeline 'egress': end
[12:52:34.830] [bmv2] [D] [thread 6393] [0.0] [cxt 0] Deparser 'deparser': start
[12:52:34.830] [bmv2] [T] [thread 6393] [0.0] [cxt 0] Skipping checksum 'cksum' update because condition not met
[12:52:34.830] [bmv2] [D] [thread 6393] [0.0] [cxt 0] Deparser 'deparser': end
[12:52:34.830] [bmv2] [D] [thread 6397] [0.0] [cxt 0] Transmitting packet of size 225 out of port 0
[12:52:34.926] [bmv2] [D] [thread 6392] [1.0] [cxt 0] Processing packet received on port 2
[12:52:34.926] [bmv2] [D] [thread 6392] [1.0] [cxt 0] Parser 'parser': start
[12:52:34.926] [bmv2] [D] [thread 6392] [1.0] [cxt 0] Parser 'parser' entering state 'start'
[12:52:34.926] [bmv2] [D] [thread 6392] [1.0] [cxt 0] Parser state 'start' has no switch, going to default next state
[12:52:34.926] [bmv2] [T] [thread 6392] [1.0] [cxt 0] Bytes parsed: 0
[12:52:34.926] [bmv2] [D] [thread 6392] [1.0] [cxt 0] Parser 'parser': end
[12:52:34.926] [bmv2] [D] [thread 6392] [1.0] [cxt 0] Pipeline 'ingress': start
[12:52:34.926] [bmv2] [T] [thread 6392] [1.0] [cxt 0] Applying table 'MyIngress.ipv4_lpm'
[12:52:34.926] [bmv2] [D] [thread 6392] [1.0] [cxt 0] Looking up key:
* hdr.ipv4.dstAddr    : 00000000

[12:52:34.926] [bmv2] [D] [thread 6392] [1.0] [cxt 0] Table 'MyIngress.ipv4_lpm': miss
[12:52:34.926] [bmv2] [D] [thread 6392] [1.0] [cxt 0] Action entry is NoAction - 
[12:52:34.926] [bmv2] [T] [thread 6392] [1.0] [cxt 0] Action NoAction
[12:52:34.926] [bmv2] [D] [thread 6392] [1.0] [cxt 0] Pipeline 'ingress': end
[12:52:34.926] [bmv2] [D] [thread 6392] [1.0] [cxt 0] Egress port is 0
[12:52:34.926] [bmv2] [D] [thread 6392] [2.0] [cxt 0] Processing packet received on port 2
[12:52:34.927] [bmv2] [D] [thread 6392] [2.0] [cxt 0] Parser 'parser': start
[12:52:34.927] [bmv2] [D] [thread 6392] [2.0] [cxt 0] Parser 'parser' entering state 'start'
[12:52:34.927] [bmv2] [D] [thread 6392] [2.0] [cxt 0] Parser state 'start' has no switch, going to default next state
[12:52:34.927] [bmv2] [T] [thread 6392] [2.0] [cxt 0] Bytes parsed: 0
[12:52:34.927] [bmv2] [D] [thread 6392] [2.0] [cxt 0] Parser 'parser': end
[12:52:34.927] [bmv2] [D] [thread 6392] [2.0] [cxt 0] Pipeline 'ingress': start
[12:52:34.927] [bmv2] [T] [thread 6392] [2.0] [cxt 0] Applying table 'MyIngress.ipv4_lpm'
[12:52:34.927] [bmv2] [D] [thread 6392] [2.0] [cxt 0] Looking up key:
* hdr.ipv4.dstAddr    : 00000000

[12:52:34.927] [bmv2] [D] [thread 6392] [2.0] [cxt 0] Table 'MyIngress.ipv4_lpm': miss
[12:52:34.927] [bmv2] [D] [thread 6392] [2.0] [cxt 0] Action entry is NoAction - 
[12:52:34.927] [bmv2] [T] [thread 6392] [2.0] [cxt 0] Action NoAction
[12:52:34.927] [bmv2] [D] [thread 6392] [2.0] [cxt 0] Pipeline 'ingress': end
[12:52:34.927] [bmv2] [D] [thread 6392] [2.0] [cxt 0] Egress port is 0
[12:52:34.927] [bmv2] [D] [thread 6393] [1.0] [cxt 0] Pipeline 'egress': start
[12:52:34.927] [bmv2] [D] [thread 6393] [1.0] [cxt 0] Pipeline 'egress': end
[12:52:34.927] [bmv2] [D] [thread 6393] [1.0] [cxt 0] Deparser 'deparser': start
[12:52:34.927] [bmv2] [T] [thread 6393] [1.0] [cxt 0] Skipping checksum 'cksum' update because condition not met
[12:52:34.927] [bmv2] [D] [thread 6393] [1.0] [cxt 0] Deparser 'deparser': end
[12:52:34.927] [bmv2] [D] [thread 6393] [2.0] [cxt 0] Pipeline 'egress': start
[12:52:34.927] [bmv2] [D] [thread 6393] [2.0] [cxt 0] Pipeline 'egress': end
[12:52:34.927] [bmv2] [D] [thread 6393] [2.0] [cxt 0] Deparser 'deparser': start
[12:52:34.927] [bmv2] [T] [thread 6393] [2.0] [cxt 0] Skipping checksum 'cksum' update because condition not met
[12:52:34.927] [bmv2] [D] [thread 6393] [2.0] [cxt 0] Deparser 'deparser': end
[12:52:34.927] [bmv2] [D] [thread 6397] [1.0] [cxt 0] Transmitting packet of size 90 out of port 0
[12:52:34.927] [bmv2] [D] [thread 6397] [2.0] [cxt 0] Transmitting packet of size 70 out of port 0
[12:52:34.930] [bmv2] [D] [thread 6392] [3.0] [cxt 0] Processing packet received on port 2
[12:52:34.930] [bmv2] [D] [thread 6392] [3.0] [cxt 0] Parser 'parser': start
[12:52:34.930] [bmv2] [D] [thread 6392] [3.0] [cxt 0] Parser 'parser' entering state 'start'
[12:52:34.930] [bmv2] [D] [thread 6392] [3.0] [cxt 0] Parser state 'start' has no switch, going to default next state
[12:52:34.930] [bmv2] [T] [thread 6392] [3.0] [cxt 0] Bytes parsed: 0
[12:52:34.930] [bmv2] [D] [thread 6392] [3.0] [cxt 0] Parser 'parser': end
[12:52:34.930] [bmv2] [D] [thread 6392] [3.0] [cxt 0] Pipeline 'ingress': start
[12:52:34.930] [bmv2] [T] [thread 6392] [3.0] [cxt 0] Applying table 'MyIngress.ipv4_lpm'
[12:52:34.930] [bmv2] [D] [thread 6392] [3.0] [cxt 0] Looking up key:
* hdr.ipv4.dstAddr    : 00000000

[12:52:34.930] [bmv2] [D] [thread 6392] [3.0] [cxt 0] Table 'MyIngress.ipv4_lpm': miss
[12:52:34.930] [bmv2] [D] [thread 6392] [3.0] [cxt 0] Action entry is NoAction - 
[12:52:34.930] [bmv2] [T] [thread 6392] [3.0] [cxt 0] Action NoAction
[12:52:34.930] [bmv2] [D] [thread 6392] [3.0] [cxt 0] Pipeline 'ingress': end
[12:52:34.930] [bmv2] [D] [thread 6392] [3.0] [cxt 0] Egress port is 0
[12:52:34.930] [bmv2] [D] [thread 6393] [3.0] [cxt 0] Pipeline 'egress': start
[12:52:34.930] [bmv2] [D] [thread 6393] [3.0] [cxt 0] Pipeline 'egress': end
[12:52:34.930] [bmv2] [D] [thread 6393] [3.0] [cxt 0] Deparser 'deparser': start
[12:52:34.930] [bmv2] [T] [thread 6393] [3.0] [cxt 0] Skipping checksum 'cksum' update because condition not met
[12:52:34.930] [bmv2] [D] [thread 6393] [3.0] [cxt 0] Deparser 'deparser': end
[12:52:34.930] [bmv2] [D] [thread 6397] [3.0] [cxt 0] Transmitting packet of size 90 out of port 0
[12:52:34.957] [bmv2] [D] [thread 6392] [4.0] [cxt 0] Processing packet received on port 2
[12:52:34.957] [bmv2] [D] [thread 6392] [4.0] [cxt 0] Parser 'parser': start
[12:52:34.957] [bmv2] [D] [thread 6392] [4.0] [cxt 0] Parser 'parser' entering state 'start'
[12:52:34.957] [bmv2] [D] [thread 6392] [4.0] [cxt 0] Parser state 'start' has no switch, going to default next state
[12:52:34.957] [bmv2] [T] [thread 6392] [4.0] [cxt 0] Bytes parsed: 0
[12:52:34.957] [bmv2] [D] [thread 6392] [4.0] [cxt 0] Parser 'parser': end
[12:52:34.957] [bmv2] [D] [thread 6392] [4.0] [cxt 0] Pipeline 'ingress': start
[12:52:34.957] [bmv2] [T] [thread 6392] [4.0] [cxt 0] Applying table 'MyIngress.ipv4_lpm'
[12:52:34.957] [bmv2] [D] [thread 6392] [4.0] [cxt 0] Looking up key:
* hdr.ipv4.dstAddr    : 00000000

[12:52:34.957] [bmv2] [D] [thread 6392] [4.0] [cxt 0] Table 'MyIngress.ipv4_lpm': miss
[12:52:34.957] [bmv2] [D] [thread 6392] [4.0] [cxt 0] Action entry is NoAction - 
[12:52:34.957] [bmv2] [T] [thread 6392] [4.0] [cxt 0] Action NoAction
[12:52:34.957] [bmv2] [D] [thread 6392] [4.0] [cxt 0] Pipeline 'ingress': end
[12:52:34.957] [bmv2] [D] [thread 6392] [4.0] [cxt 0] Egress port is 0
[12:52:34.957] [bmv2] [D] [thread 6393] [4.0] [cxt 0] Pipeline 'egress': start
[12:52:34.957] [bmv2] [D] [thread 6393] [4.0] [cxt 0] Pipeline 'egress': end
[12:52:34.957] [bmv2] [D] [thread 6393] [4.0] [cxt 0] Deparser 'deparser': start
[12:52:34.957] [bmv2] [T] [thread 6393] [4.0] [cxt 0] Skipping checksum 'cksum' update because condition not met
[12:52:34.957] [bmv2] [D] [thread 6393] [4.0] [cxt 0] Deparser 'deparser': end
[12:52:34.957] [bmv2] [D] [thread 6397] [4.0] [cxt 0] Transmitting packet of size 90 out of port 0
[12:52:34.957] [bmv2] [D] [thread 6392] [5.0] [cxt 0] Processing packet received on port 2
[12:52:34.957] [bmv2] [D] [thread 6392] [5.0] [cxt 0] Parser 'parser': start
[12:52:34.957] [bmv2] [D] [thread 6392] [5.0] [cxt 0] Parser 'parser' entering state 'start'
[12:52:34.957] [bmv2] [D] [thread 6392] [5.0] [cxt 0] Parser state 'start' has no switch, going to default next state
[12:52:34.957] [bmv2] [T] [thread 6392] [5.0] [cxt 0] Bytes parsed: 0
[12:52:34.957] [bmv2] [D] [thread 6392] [5.0] [cxt 0] Parser 'parser': end
[12:52:34.957] [bmv2] [D] [thread 6392] [5.0] [cxt 0] Pipeline 'ingress': start
[12:52:34.957] [bmv2] [T] [thread 6392] [5.0] [cxt 0] Applying table 'MyIngress.ipv4_lpm'
[12:52:34.957] [bmv2] [D] [thread 6392] [5.0] [cxt 0] Looking up key:
* hdr.ipv4.dstAddr    : 00000000

[12:52:34.957] [bmv2] [D] [thread 6392] [5.0] [cxt 0] Table 'MyIngress.ipv4_lpm': miss
[12:52:34.957] [bmv2] [D] [thread 6392] [5.0] [cxt 0] Action entry is NoAction - 
[12:52:34.957] [bmv2] [T] [thread 6392] [5.0] [cxt 0] Action NoAction
[12:52:34.957] [bmv2] [D] [thread 6392] [5.0] [cxt 0] Pipeline 'ingress': end
[12:52:34.957] [bmv2] [D] [thread 6392] [5.0] [cxt 0] Egress port is 0
[12:52:34.957] [bmv2] [D] [thread 6393] [5.0] [cxt 0] Pipeline 'egress': start
[12:52:34.957] [bmv2] [D] [thread 6393] [5.0] [cxt 0] Pipeline 'egress': end
[12:52:34.957] [bmv2] [D] [thread 6393] [5.0] [cxt 0] Deparser 'deparser': start
[12:52:34.957] [bmv2] [T] [thread 6393] [5.0] [cxt 0] Skipping checksum 'cksum' update because condition not met
[12:52:34.957] [bmv2] [D] [thread 6393] [5.0] [cxt 0] Deparser 'deparser': end
[12:52:34.957] [bmv2] [D] [thread 6397] [5.0] [cxt 0] Transmitting packet of size 70 out of port 0
[12:52:34.963] [bmv2] [D] [thread 6392] [6.0] [cxt 0] Processing packet received on port 2
[12:52:34.963] [bmv2] [D] [thread 6392] [6.0] [cxt 0] Parser 'parser': start
[12:52:34.963] [bmv2] [D] [thread 6392] [6.0] [cxt 0] Parser 'parser' entering state 'start'
[12:52:34.963] [bmv2] [D] [thread 6392] [6.0] [cxt 0] Parser state 'start' has no switch, going to default next state
[12:52:34.963] [bmv2] [T] [thread 6392] [6.0] [cxt 0] Bytes parsed: 0
[12:52:34.963] [bmv2] [D] [thread 6392] [6.0] [cxt 0] Parser 'parser': end
[12:52:34.963] [bmv2] [D] [thread 6392] [6.0] [cxt 0] Pipeline 'ingress': start
[12:52:34.963] [bmv2] [T] [thread 6392] [6.0] [cxt 0] Applying table 'MyIngress.ipv4_lpm'
[12:52:34.963] [bmv2] [D] [thread 6392] [6.0] [cxt 0] Looking up key:
* hdr.ipv4.dstAddr    : 00000000

[12:52:34.963] [bmv2] [D] [thread 6392] [6.0] [cxt 0] Table 'MyIngress.ipv4_lpm': miss
[12:52:34.963] [bmv2] [D] [thread 6392] [6.0] [cxt 0] Action entry is NoAction - 
[12:52:34.963] [bmv2] [T] [thread 6392] [6.0] [cxt 0] Action NoAction
[12:52:34.963] [bmv2] [D] [thread 6392] [6.0] [cxt 0] Pipeline 'ingress': end
[12:52:34.963] [bmv2] [D] [thread 6392] [6.0] [cxt 0] Egress port is 0
[12:52:34.963] [bmv2] [D] [thread 6393] [6.0] [cxt 0] Pipeline 'egress': start
[12:52:34.963] [bmv2] [D] [thread 6393] [6.0] [cxt 0] Pipeline 'egress': end
[12:52:34.963] [bmv2] [D] [thread 6393] [6.0] [cxt 0] Deparser 'deparser': start
[12:52:34.963] [bmv2] [T] [thread 6393] [6.0] [cxt 0] Skipping checksum 'cksum' update because condition not met
[12:52:34.963] [bmv2] [D] [thread 6393] [6.0] [cxt 0] Deparser 'deparser': end
[12:52:34.963] [bmv2] [D] [thread 6397] [6.0] [cxt 0] Transmitting packet of size 90 out of port 0
[12:52:34.996] [bmv2] [D] [thread 6392] [7.0] [cxt 0] Processing packet received on port 2
[12:52:34.996] [bmv2] [D] [thread 6392] [7.0] [cxt 0] Parser 'parser': start
[12:52:34.996] [bmv2] [D] [thread 6392] [7.0] [cxt 0] Parser 'parser' entering state 'start'
[12:52:34.996] [bmv2] [D] [thread 6392] [7.0] [cxt 0] Parser state 'start' has no switch, going to default next state
[12:52:34.996] [bmv2] [T] [thread 6392] [7.0] [cxt 0] Bytes parsed: 0
[12:52:34.997] [bmv2] [D] [thread 6392] [7.0] [cxt 0] Parser 'parser': end
[12:52:34.997] [bmv2] [D] [thread 6392] [7.0] [cxt 0] Pipeline 'ingress': start
[12:52:34.997] [bmv2] [T] [thread 6392] [7.0] [cxt 0] Applying table 'MyIngress.ipv4_lpm'
[12:52:34.997] [bmv2] [D] [thread 6392] [7.0] [cxt 0] Looking up key:
* hdr.ipv4.dstAddr    : 00000000

[12:52:34.997] [bmv2] [D] [thread 6392] [7.0] [cxt 0] Table 'MyIngress.ipv4_lpm': miss
[12:52:34.997] [bmv2] [D] [thread 6392] [7.0] [cxt 0] Action entry is NoAction - 
[12:52:34.997] [bmv2] [T] [thread 6392] [7.0] [cxt 0] Action NoAction
[12:52:34.997] [bmv2] [D] [thread 6392] [7.0] [cxt 0] Pipeline 'ingress': end
[12:52:34.997] [bmv2] [D] [thread 6392] [7.0] [cxt 0] Egress port is 0
[12:52:34.997] [bmv2] [D] [thread 6393] [7.0] [cxt 0] Pipeline 'egress': start
[12:52:34.997] [bmv2] [D] [thread 6393] [7.0] [cxt 0] Pipeline 'egress': end
[12:52:34.997] [bmv2] [D] [thread 6393] [7.0] [cxt 0] Deparser 'deparser': start
[12:52:34.997] [bmv2] [T] [thread 6393] [7.0] [cxt 0] Skipping checksum 'cksum' update because condition not met
[12:52:34.997] [bmv2] [D] [thread 6393] [7.0] [cxt 0] Deparser 'deparser': end
[12:52:34.997] [bmv2] [D] [thread 6397] [7.0] [cxt 0] Transmitting packet of size 225 out of port 0
[12:52:35.025] [bmv2] [D] [thread 6392] [8.0] [cxt 0] Processing packet received on port 2
[12:52:35.025] [bmv2] [D] [thread 6392] [8.0] [cxt 0] Parser 'parser': start
[12:52:35.025] [bmv2] [D] [thread 6392] [8.0] [cxt 0] Parser 'parser' entering state 'start'
[12:52:35.025] [bmv2] [D] [thread 6392] [8.0] [cxt 0] Parser state 'start' has no switch, going to default next state
[12:52:35.025] [bmv2] [T] [thread 6392] [8.0] [cxt 0] Bytes parsed: 0
[12:52:35.025] [bmv2] [D] [thread 6392] [8.0] [cxt 0] Parser 'parser': end
[12:52:35.025] [bmv2] [D] [thread 6392] [8.0] [cxt 0] Pipeline 'ingress': start
[12:52:35.025] [bmv2] [T] [thread 6392] [8.0] [cxt 0] Applying table 'MyIngress.ipv4_lpm'
[12:52:35.025] [bmv2] [D] [thread 6392] [8.0] [cxt 0] Looking up key:
* hdr.ipv4.dstAddr    : 00000000

[12:52:35.025] [bmv2] [D] [thread 6392] [8.0] [cxt 0] Table 'MyIngress.ipv4_lpm': miss
[12:52:35.025] [bmv2] [D] [thread 6392] [8.0] [cxt 0] Action entry is NoAction - 
[12:52:35.026] [bmv2] [T] [thread 6392] [8.0] [cxt 0] Action NoAction
[12:52:35.026] [bmv2] [D] [thread 6392] [8.0] [cxt 0] Pipeline 'ingress': end
[12:52:35.026] [bmv2] [D] [thread 6392] [8.0] [cxt 0] Egress port is 0
[12:52:35.026] [bmv2] [D] [thread 6393] [8.0] [cxt 0] Pipeline 'egress': start
[12:52:35.026] [bmv2] [D] [thread 6393] [8.0] [cxt 0] Pipeline 'egress': end
[12:52:35.026] [bmv2] [D] [thread 6393] [8.0] [cxt 0] Deparser 'deparser': start
[12:52:35.026] [bmv2] [T] [thread 6393] [8.0] [cxt 0] Skipping checksum 'cksum' update because condition not met
[12:52:35.026] [bmv2] [D] [thread 6393] [8.0] [cxt 0] Deparser 'deparser': end
[12:52:35.026] [bmv2] [D] [thread 6397] [8.0] [cxt 0] Transmitting packet of size 203 out of port 0
[12:52:35.029] [bmv2] [D] [thread 6392] [9.0] [cxt 0] Processing packet received on port 2
[12:52:35.029] [bmv2] [D] [thread 6392] [9.0] [cxt 0] Parser 'parser': start
[12:52:35.029] [bmv2] [D] [thread 6392] [9.0] [cxt 0] Parser 'parser' entering state 'start'
[12:52:35.029] [bmv2] [D] [thread 6392] [9.0] [cxt 0] Parser state 'start' has no switch, going to default next state
[12:52:35.029] [bmv2] [T] [thread 6392] [9.0] [cxt 0] Bytes parsed: 0
[12:52:35.029] [bmv2] [D] [thread 6392] [9.0] [cxt 0] Parser 'parser': end
[12:52:35.029] [bmv2] [D] [thread 6392] [9.0] [cxt 0] Pipeline 'ingress': start
[12:52:35.029] [bmv2] [T] [thread 6392] [9.0] [cxt 0] Applying table 'MyIngress.ipv4_lpm'
[12:52:35.029] [bmv2] [D] [thread 6392] [9.0] [cxt 0] Looking up key:
* hdr.ipv4.dstAddr    : 00000000

[12:52:35.029] [bmv2] [D] [thread 6392] [9.0] [cxt 0] Table 'MyIngress.ipv4_lpm': miss
[12:52:35.029] [bmv2] [D] [thread 6392] [9.0] [cxt 0] Action entry is NoAction - 
[12:52:35.029] [bmv2] [T] [thread 6392] [9.0] [cxt 0] Action NoAction
[12:52:35.029] [bmv2] [D] [thread 6392] [9.0] [cxt 0] Pipeline 'ingress': end
[12:52:35.029] [bmv2] [D] [thread 6392] [9.0] [cxt 0] Egress port is 0
[12:52:35.029] [bmv2] [D] [thread 6393] [9.0] [cxt 0] Pipeline 'egress': start
[12:52:35.029] [bmv2] [D] [thread 6393] [9.0] [cxt 0] Pipeline 'egress': end
[12:52:35.029] [bmv2] [D] [thread 6393] [9.0] [cxt 0] Deparser 'deparser': start
[12:52:35.029] [bmv2] [T] [thread 6393] [9.0] [cxt 0] Skipping checksum 'cksum' update because condition not met
[12:52:35.029] [bmv2] [D] [thread 6393] [9.0] [cxt 0] Deparser 'deparser': end
[12:52:35.029] [bmv2] [D] [thread 6397] [9.0] [cxt 0] Transmitting packet of size 225 out of port 0
[12:52:35.079] [bmv2] [D] [thread 6392] [10.0] [cxt 0] Processing packet received on port 1
[12:52:35.079] [bmv2] [D] [thread 6392] [10.0] [cxt 0] Parser 'parser': start
[12:52:35.079] [bmv2] [D] [thread 6392] [10.0] [cxt 0] Parser 'parser' entering state 'start'
[12:52:35.079] [bmv2] [D] [thread 6392] [10.0] [cxt 0] Parser state 'start' has no switch, going to default next state
[12:52:35.079] [bmv2] [T] [thread 6392] [10.0] [cxt 0] Bytes parsed: 0
[12:52:35.079] [bmv2] [D] [thread 6392] [10.0] [cxt 0] Parser 'parser': end
[12:52:35.079] [bmv2] [D] [thread 6392] [10.0] [cxt 0] Pipeline 'ingress': start
[12:52:35.079] [bmv2] [T] [thread 6392] [10.0] [cxt 0] Applying table 'MyIngress.ipv4_lpm'
[12:52:35.079] [bmv2] [D] [thread 6392] [10.0] [cxt 0] Looking up key:
* hdr.ipv4.dstAddr    : 00000000

[12:52:35.079] [bmv2] [D] [thread 6392] [10.0] [cxt 0] Table 'MyIngress.ipv4_lpm': miss
[12:52:35.079] [bmv2] [D] [thread 6392] [10.0] [cxt 0] Action entry is NoAction - 
[12:52:35.079] [bmv2] [T] [thread 6392] [10.0] [cxt 0] Action NoAction
[12:52:35.079] [bmv2] [D] [thread 6392] [10.0] [cxt 0] Pipeline 'ingress': end
[12:52:35.079] [bmv2] [D] [thread 6392] [10.0] [cxt 0] Egress port is 0
[12:52:35.079] [bmv2] [D] [thread 6393] [10.0] [cxt 0] Pipeline 'egress': start
[12:52:35.079] [bmv2] [D] [thread 6393] [10.0] [cxt 0] Pipeline 'egress': end
[12:52:35.079] [bmv2] [D] [thread 6393] [10.0] [cxt 0] Deparser 'deparser': start
[12:52:35.079] [bmv2] [T] [thread 6393] [10.0] [cxt 0] Skipping checksum 'cksum' update because condition not met
[12:52:35.079] [bmv2] [D] [thread 6393] [10.0] [cxt 0] Deparser 'deparser': end
[12:52:35.079] [bmv2] [D] [thread 6397] [10.0] [cxt 0] Transmitting packet of size 225 out of port 0
[12:52:35.109] [bmv2] [D] [thread 6392] [11.0] [cxt 0] Processing packet received on port 2
[12:52:35.109] [bmv2] [D] [thread 6392] [11.0] [cxt 0] Parser 'parser': start
[12:52:35.109] [bmv2] [D] [thread 6392] [11.0] [cxt 0] Parser 'parser' entering state 'start'
[12:52:35.109] [bmv2] [D] [thread 6392] [11.0] [cxt 0] Parser state 'start' has no switch, going to default next state
[12:52:35.109] [bmv2] [T] [thread 6392] [11.0] [cxt 0] Bytes parsed: 0
[12:52:35.109] [bmv2] [D] [thread 6392] [11.0] [cxt 0] Parser 'parser': end
[12:52:35.109] [bmv2] [D] [thread 6392] [11.0] [cxt 0] Pipeline 'ingress': start
[12:52:35.109] [bmv2] [T] [thread 6392] [11.0] [cxt 0] Applying table 'MyIngress.ipv4_lpm'
[12:52:35.109] [bmv2] [D] [thread 6392] [11.0] [cxt 0] Looking up key:
* hdr.ipv4.dstAddr    : 00000000

[12:52:35.109] [bmv2] [D] [thread 6392] [11.0] [cxt 0] Table 'MyIngress.ipv4_lpm': miss
[12:52:35.110] [bmv2] [D] [thread 6392] [11.0] [cxt 0] Action entry is NoAction - 
[12:52:35.110] [bmv2] [T] [thread 6392] [11.0] [cxt 0] Action NoAction
[12:52:35.110] [bmv2] [D] [thread 6392] [11.0] [cxt 0] Pipeline 'ingress': end
[12:52:35.110] [bmv2] [D] [thread 6392] [11.0] [cxt 0] Egress port is 0
[12:52:35.110] [bmv2] [D] [thread 6393] [11.0] [cxt 0] Pipeline 'egress': start
[12:52:35.110] [bmv2] [D] [thread 6393] [11.0] [cxt 0] Pipeline 'egress': end
[12:52:35.110] [bmv2] [D] [thread 6393] [11.0] [cxt 0] Deparser 'deparser': start
[12:52:35.110] [bmv2] [T] [thread 6393] [11.0] [cxt 0] Skipping checksum 'cksum' update because condition not met
[12:52:35.110] [bmv2] [D] [thread 6393] [11.0] [cxt 0] Deparser 'deparser': end
[12:52:35.110] [bmv2] [D] [thread 6397] [11.0] [cxt 0] Transmitting packet of size 90 out of port 0
[12:52:35.209] [bmv2] [D] [thread 6392] [12.0] [cxt 0] Processing packet received on port 1
[12:52:35.209] [bmv2] [D] [thread 6392] [12.0] [cxt 0] Parser 'parser': start
[12:52:35.209] [bmv2] [D] [thread 6392] [12.0] [cxt 0] Parser 'parser' entering state 'start'
[12:52:35.209] [bmv2] [D] [thread 6392] [12.0] [cxt 0] Parser state 'start' has no switch, going to default next state
[12:52:35.209] [bmv2] [T] [thread 6392] [12.0] [cxt 0] Bytes parsed: 0
[12:52:35.209] [bmv2] [D] [thread 6392] [12.0] [cxt 0] Parser 'parser': end
[12:52:35.209] [bmv2] [D] [thread 6392] [12.0] [cxt 0] Pipeline 'ingress': start
[12:52:35.209] [bmv2] [T] [thread 6392] [12.0] [cxt 0] Applying table 'MyIngress.ipv4_lpm'
[12:52:35.209] [bmv2] [D] [thread 6392] [12.0] [cxt 0] Looking up key:
* hdr.ipv4.dstAddr    : 00000000

[12:52:35.209] [bmv2] [D] [thread 6392] [12.0] [cxt 0] Table 'MyIngress.ipv4_lpm': miss
[12:52:35.209] [bmv2] [D] [thread 6392] [12.0] [cxt 0] Action entry is NoAction - 
[12:52:35.209] [bmv2] [T] [thread 6392] [12.0] [cxt 0] Action NoAction
[12:52:35.209] [bmv2] [D] [thread 6392] [12.0] [cxt 0] Pipeline 'ingress': end
[12:52:35.209] [bmv2] [D] [thread 6392] [12.0] [cxt 0] Egress port is 0
[12:52:35.209] [bmv2] [D] [thread 6393] [12.0] [cxt 0] Pipeline 'egress': start
[12:52:35.210] [bmv2] [D] [thread 6393] [12.0] [cxt 0] Pipeline 'egress': end
[12:52:35.210] [bmv2] [D] [thread 6393] [12.0] [cxt 0] Deparser 'deparser': start
[12:52:35.210] [bmv2] [T] [thread 6393] [12.0] [cxt 0] Skipping checksum 'cksum' update because condition not met
[12:52:35.210] [bmv2] [D] [thread 6393] [12.0] [cxt 0] Deparser 'deparser': end
[12:52:35.210] [bmv2] [D] [thread 6397] [12.0] [cxt 0] Transmitting packet of size 90 out of port 0
[12:52:35.210] [bmv2] [D] [thread 6392] [13.0] [cxt 0] Processing packet received on port 1
[12:52:35.210] [bmv2] [D] [thread 6392] [13.0] [cxt 0] Parser 'parser': start
[12:52:35.210] [bmv2] [D] [thread 6392] [13.0] [cxt 0] Parser 'parser' entering state 'start'
[12:52:35.210] [bmv2] [D] [thread 6392] [13.0] [cxt 0] Parser state 'start' has no switch, going to default next state
[12:52:35.210] [bmv2] [T] [thread 6392] [13.0] [cxt 0] Bytes parsed: 0
[12:52:35.210] [bmv2] [D] [thread 6392] [13.0] [cxt 0] Parser 'parser': end
[12:52:35.210] [bmv2] [D] [thread 6392] [13.0] [cxt 0] Pipeline 'ingress': start
[12:52:35.210] [bmv2] [T] [thread 6392] [13.0] [cxt 0] Applying table 'MyIngress.ipv4_lpm'
[12:52:35.210] [bmv2] [D] [thread 6392] [13.0] [cxt 0] Looking up key:
* hdr.ipv4.dstAddr    : 00000000

[12:52:35.210] [bmv2] [D] [thread 6392] [13.0] [cxt 0] Table 'MyIngress.ipv4_lpm': miss
[12:52:35.210] [bmv2] [D] [thread 6392] [13.0] [cxt 0] Action entry is NoAction - 
[12:52:35.210] [bmv2] [T] [thread 6392] [13.0] [cxt 0] Action NoAction
[12:52:35.210] [bmv2] [D] [thread 6392] [13.0] [cxt 0] Pipeline 'ingress': end
[12:52:35.210] [bmv2] [D] [thread 6392] [13.0] [cxt 0] Egress port is 0
[12:52:35.215] [bmv2] [D] [thread 6393] [13.0] [cxt 0] Pipeline 'egress': start
[12:52:35.215] [bmv2] [D] [thread 6393] [13.0] [cxt 0] Pipeline 'egress': end
[12:52:35.215] [bmv2] [D] [thread 6393] [13.0] [cxt 0] Deparser 'deparser': start
[12:52:35.215] [bmv2] [T] [thread 6393] [13.0] [cxt 0] Skipping checksum 'cksum' update because condition not met
[12:52:35.215] [bmv2] [D] [thread 6393] [13.0] [cxt 0] Deparser 'deparser': end
[12:52:35.215] [bmv2] [D] [thread 6397] [13.0] [cxt 0] Transmitting packet of size 70 out of port 0
[12:52:35.221] [bmv2] [D] [thread 6392] [14.0] [cxt 0] Processing packet received on port 1
[12:52:35.221] [bmv2] [D] [thread 6392] [14.0] [cxt 0] Parser 'parser': start
[12:52:35.221] [bmv2] [D] [thread 6392] [14.0] [cxt 0] Parser 'parser' entering state 'start'
[12:52:35.221] [bmv2] [D] [thread 6392] [14.0] [cxt 0] Parser state 'start' has no switch, going to default next state
[12:52:35.221] [bmv2] [T] [thread 6392] [14.0] [cxt 0] Bytes parsed: 0
[12:52:35.221] [bmv2] [D] [thread 6392] [14.0] [cxt 0] Parser 'parser': end
[12:52:35.221] [bmv2] [D] [thread 6392] [14.0] [cxt 0] Pipeline 'ingress': start
[12:52:35.221] [bmv2] [T] [thread 6392] [14.0] [cxt 0] Applying table 'MyIngress.ipv4_lpm'
[12:52:35.221] [bmv2] [D] [thread 6392] [14.0] [cxt 0] Looking up key:
* hdr.ipv4.dstAddr    : 00000000

[12:52:35.221] [bmv2] [D] [thread 6392] [14.0] [cxt 0] Table 'MyIngress.ipv4_lpm': miss
[12:52:35.221] [bmv2] [D] [thread 6392] [14.0] [cxt 0] Action entry is NoAction - 
[12:52:35.221] [bmv2] [T] [thread 6392] [14.0] [cxt 0] Action NoAction
[12:52:35.221] [bmv2] [D] [thread 6392] [14.0] [cxt 0] Pipeline 'ingress': end
[12:52:35.221] [bmv2] [D] [thread 6392] [14.0] [cxt 0] Egress port is 0
[12:52:35.221] [bmv2] [D] [thread 6393] [14.0] [cxt 0] Pipeline 'egress': start
[12:52:35.221] [bmv2] [D] [thread 6393] [14.0] [cxt 0] Pipeline 'egress': end
[12:52:35.221] [bmv2] [D] [thread 6393] [14.0] [cxt 0] Deparser 'deparser': start
[12:52:35.221] [bmv2] [T] [thread 6393] [14.0] [cxt 0] Skipping checksum 'cksum' update because condition not met
[12:52:35.221] [bmv2] [D] [thread 6393] [14.0] [cxt 0] Deparser 'deparser': end
[12:52:35.221] [bmv2] [D] [thread 6397] [14.0] [cxt 0] Transmitting packet of size 90 out of port 0
[12:52:35.261] [bmv2] [D] [thread 6392] [15.0] [cxt 0] Processing packet received on port 2
[12:52:35.261] [bmv2] [D] [thread 6392] [15.0] [cxt 0] Parser 'parser': start
[12:52:35.261] [bmv2] [D] [thread 6392] [15.0] [cxt 0] Parser 'parser' entering state 'start'
[12:52:35.261] [bmv2] [D] [thread 6392] [15.0] [cxt 0] Parser state 'start' has no switch, going to default next state
[12:52:35.261] [bmv2] [T] [thread 6392] [15.0] [cxt 0] Bytes parsed: 0
[12:52:35.261] [bmv2] [D] [thread 6392] [15.0] [cxt 0] Parser 'parser': end
[12:52:35.261] [bmv2] [D] [thread 6392] [15.0] [cxt 0] Pipeline 'ingress': start
[12:52:35.261] [bmv2] [T] [thread 6392] [15.0] [cxt 0] Applying table 'MyIngress.ipv4_lpm'
[12:52:35.261] [bmv2] [D] [thread 6392] [15.0] [cxt 0] Looking up key:
* hdr.ipv4.dstAddr    : 00000000

[12:52:35.261] [bmv2] [D] [thread 6392] [15.0] [cxt 0] Table 'MyIngress.ipv4_lpm': miss
[12:52:35.261] [bmv2] [D] [thread 6392] [15.0] [cxt 0] Action entry is NoAction - 
[12:52:35.261] [bmv2] [T] [thread 6392] [15.0] [cxt 0] Action NoAction
[12:52:35.261] [bmv2] [D] [thread 6392] [15.0] [cxt 0] Pipeline 'ingress': end
[12:52:35.261] [bmv2] [D] [thread 6392] [15.0] [cxt 0] Egress port is 0
[12:52:35.261] [bmv2] [D] [thread 6393] [15.0] [cxt 0] Pipeline 'egress': start
[12:52:35.261] [bmv2] [D] [thread 6393] [15.0] [cxt 0] Pipeline 'egress': end
[12:52:35.261] [bmv2] [D] [thread 6393] [15.0] [cxt 0] Deparser 'deparser': start
[12:52:35.261] [bmv2] [T] [thread 6393] [15.0] [cxt 0] Skipping checksum 'cksum' update because condition not met
[12:52:35.261] [bmv2] [D] [thread 6393] [15.0] [cxt 0] Deparser 'deparser': end
[12:52:35.261] [bmv2] [D] [thread 6397] [15.0] [cxt 0] Transmitting packet of size 225 out of port 0
[12:52:35.282] [bmv2] [D] [thread 6392] [16.0] [cxt 0] Processing packet received on port 1
[12:52:35.282] [bmv2] [D] [thread 6392] [16.0] [cxt 0] Parser 'parser': start
[12:52:35.282] [bmv2] [D] [thread 6392] [16.0] [cxt 0] Parser 'parser' entering state 'start'
[12:52:35.282] [bmv2] [D] [thread 6392] [16.0] [cxt 0] Parser state 'start' has no switch, going to default next state
[12:52:35.282] [bmv2] [T] [thread 6392] [16.0] [cxt 0] Bytes parsed: 0
[12:52:35.282] [bmv2] [D] [thread 6392] [16.0] [cxt 0] Parser 'parser': end
[12:52:35.282] [bmv2] [D] [thread 6392] [16.0] [cxt 0] Pipeline 'ingress': start
[12:52:35.282] [bmv2] [T] [thread 6392] [16.0] [cxt 0] Applying table 'MyIngress.ipv4_lpm'
[12:52:35.282] [bmv2] [D] [thread 6392] [16.0] [cxt 0] Looking up key:
* hdr.ipv4.dstAddr    : 00000000

[12:52:35.282] [bmv2] [D] [thread 6392] [16.0] [cxt 0] Table 'MyIngress.ipv4_lpm': miss
[12:52:35.282] [bmv2] [D] [thread 6392] [16.0] [cxt 0] Action entry is NoAction - 
[12:52:35.282] [bmv2] [T] [thread 6392] [16.0] [cxt 0] Action NoAction
[12:52:35.282] [bmv2] [D] [thread 6392] [16.0] [cxt 0] Pipeline 'ingress': end
[12:52:35.282] [bmv2] [D] [thread 6392] [16.0] [cxt 0] Egress port is 0
[12:52:35.282] [bmv2] [D] [thread 6393] [16.0] [cxt 0] Pipeline 'egress': start
[12:52:35.282] [bmv2] [D] [thread 6393] [16.0] [cxt 0] Pipeline 'egress': end
[12:52:35.282] [bmv2] [D] [thread 6393] [16.0] [cxt 0] Deparser 'deparser': start
[12:52:35.282] [bmv2] [T] [thread 6393] [16.0] [cxt 0] Skipping checksum 'cksum' update because condition not met
[12:52:35.282] [bmv2] [D] [thread 6393] [16.0] [cxt 0] Deparser 'deparser': end
[12:52:35.282] [bmv2] [D] [thread 6397] [16.0] [cxt 0] Transmitting packet of size 213 out of port 0
[12:52:35.282] [bmv2] [D] [thread 6392] [17.0] [cxt 0] Processing packet received on port 2
[12:52:35.282] [bmv2] [D] [thread 6392] [17.0] [cxt 0] Parser 'parser': start
[12:52:35.282] [bmv2] [D] [thread 6392] [17.0] [cxt 0] Parser 'parser' entering state 'start'
[12:52:35.282] [bmv2] [D] [thread 6392] [17.0] [cxt 0] Parser state 'start' has no switch, going to default next state
[12:52:35.282] [bmv2] [T] [thread 6392] [17.0] [cxt 0] Bytes parsed: 0
[12:52:35.282] [bmv2] [D] [thread 6392] [17.0] [cxt 0] Parser 'parser': end
[12:52:35.282] [bmv2] [D] [thread 6392] [17.0] [cxt 0] Pipeline 'ingress': start
[12:52:35.282] [bmv2] [T] [thread 6392] [17.0] [cxt 0] Applying table 'MyIngress.ipv4_lpm'
[12:52:35.282] [bmv2] [D] [thread 6392] [17.0] [cxt 0] Looking up key:
* hdr.ipv4.dstAddr    : 00000000

[12:52:35.282] [bmv2] [D] [thread 6392] [17.0] [cxt 0] Table 'MyIngress.ipv4_lpm': miss
[12:52:35.283] [bmv2] [D] [thread 6392] [17.0] [cxt 0] Action entry is NoAction - 
[12:52:35.283] [bmv2] [T] [thread 6392] [17.0] [cxt 0] Action NoAction
[12:52:35.283] [bmv2] [D] [thread 6392] [17.0] [cxt 0] Pipeline 'ingress': end
[12:52:35.283] [bmv2] [D] [thread 6392] [17.0] [cxt 0] Egress port is 0
[12:52:35.283] [bmv2] [D] [thread 6393] [17.0] [cxt 0] Pipeline 'egress': start
[12:52:35.283] [bmv2] [D] [thread 6393] [17.0] [cxt 0] Pipeline 'egress': end
[12:52:35.283] [bmv2] [D] [thread 6393] [17.0] [cxt 0] Deparser 'deparser': start
[12:52:35.283] [bmv2] [T] [thread 6393] [17.0] [cxt 0] Skipping checksum 'cksum' update because condition not met
[12:52:35.283] [bmv2] [D] [thread 6393] [17.0] [cxt 0] Deparser 'deparser': end
[12:52:35.283] [bmv2] [D] [thread 6397] [17.0] [cxt 0] Transmitting packet of size 225 out of port 0
[12:52:35.292] [bmv2] [D] [thread 6392] [18.0] [cxt 0] Processing packet received on port 1
[12:52:35.292] [bmv2] [D] [thread 6392] [18.0] [cxt 0] Parser 'parser': start
[12:52:35.292] [bmv2] [D] [thread 6392] [18.0] [cxt 0] Parser 'parser' entering state 'start'
[12:52:35.292] [bmv2] [D] [thread 6392] [18.0] [cxt 0] Parser state 'start' has no switch, going to default next state
[12:52:35.292] [bmv2] [T] [thread 6392] [18.0] [cxt 0] Bytes parsed: 0
[12:52:35.292] [bmv2] [D] [thread 6392] [18.0] [cxt 0] Parser 'parser': end
[12:52:35.292] [bmv2] [D] [thread 6392] [18.0] [cxt 0] Pipeline 'ingress': start
[12:52:35.292] [bmv2] [T] [thread 6392] [18.0] [cxt 0] Applying table 'MyIngress.ipv4_lpm'
[12:52:35.292] [bmv2] [D] [thread 6392] [18.0] [cxt 0] Looking up key:
* hdr.ipv4.dstAddr    : 00000000

[12:52:35.292] [bmv2] [D] [thread 6392] [18.0] [cxt 0] Table 'MyIngress.ipv4_lpm': miss
[12:52:35.292] [bmv2] [D] [thread 6392] [18.0] [cxt 0] Action entry is NoAction - 
[12:52:35.292] [bmv2] [T] [thread 6392] [18.0] [cxt 0] Action NoAction
[12:52:35.292] [bmv2] [D] [thread 6392] [18.0] [cxt 0] Pipeline 'ingress': end
[12:52:35.292] [bmv2] [D] [thread 6392] [18.0] [cxt 0] Egress port is 0
[12:52:35.292] [bmv2] [D] [thread 6393] [18.0] [cxt 0] Pipeline 'egress': start
[12:52:35.292] [bmv2] [D] [thread 6393] [18.0] [cxt 0] Pipeline 'egress': end
[12:52:35.292] [bmv2] [D] [thread 6393] [18.0] [cxt 0] Deparser 'deparser': start
[12:52:35.292] [bmv2] [T] [thread 6393] [18.0] [cxt 0] Skipping checksum 'cksum' update because condition not met
[12:52:35.292] [bmv2] [D] [thread 6393] [18.0] [cxt 0] Deparser 'deparser': end
[12:52:35.292] [bmv2] [D] [thread 6397] [18.0] [cxt 0] Transmitting packet of size 225 out of port 0
[12:52:35.314] [bmv2] [D] [thread 6392] [19.0] [cxt 0] Processing packet received on port 1
[12:52:35.314] [bmv2] [D] [thread 6392] [19.0] [cxt 0] Parser 'parser': start
[12:52:35.314] [bmv2] [D] [thread 6392] [19.0] [cxt 0] Parser 'parser' entering state 'start'
[12:52:35.314] [bmv2] [D] [thread 6392] [19.0] [cxt 0] Parser state 'start' has no switch, going to default next state
[12:52:35.314] [bmv2] [T] [thread 6392] [19.0] [cxt 0] Bytes parsed: 0
[12:52:35.314] [bmv2] [D] [thread 6392] [19.0] [cxt 0] Parser 'parser': end
[12:52:35.314] [bmv2] [D] [thread 6392] [19.0] [cxt 0] Pipeline 'ingress': start
[12:52:35.314] [bmv2] [T] [thread 6392] [19.0] [cxt 0] Applying table 'MyIngress.ipv4_lpm'
[12:52:35.314] [bmv2] [D] [thread 6392] [19.0] [cxt 0] Looking up key:
* hdr.ipv4.dstAddr    : 00000000

[12:52:35.314] [bmv2] [D] [thread 6392] [19.0] [cxt 0] Table 'MyIngress.ipv4_lpm': miss
[12:52:35.314] [bmv2] [D] [thread 6392] [19.0] [cxt 0] Action entry is NoAction - 
[12:52:35.314] [bmv2] [T] [thread 6392] [19.0] [cxt 0] Action NoAction
[12:52:35.314] [bmv2] [D] [thread 6392] [19.0] [cxt 0] Pipeline 'ingress': end
[12:52:35.314] [bmv2] [D] [thread 6392] [19.0] [cxt 0] Egress port is 0
[12:52:35.314] [bmv2] [D] [thread 6393] [19.0] [cxt 0] Pipeline 'egress': start
[12:52:35.314] [bmv2] [D] [thread 6393] [19.0] [cxt 0] Pipeline 'egress': end
[12:52:35.314] [bmv2] [D] [thread 6393] [19.0] [cxt 0] Deparser 'deparser': start
[12:52:35.314] [bmv2] [T] [thread 6393] [19.0] [cxt 0] Skipping checksum 'cksum' update because condition not met
[12:52:35.314] [bmv2] [D] [thread 6393] [19.0] [cxt 0] Deparser 'deparser': end
[12:52:35.314] [bmv2] [D] [thread 6397] [19.0] [cxt 0] Transmitting packet of size 203 out of port 0
[12:52:35.353] [bmv2] [D] [thread 6392] [20.0] [cxt 0] Processing packet received on port 1
[12:52:35.353] [bmv2] [D] [thread 6392] [20.0] [cxt 0] Parser 'parser': start
[12:52:35.353] [bmv2] [D] [thread 6392] [20.0] [cxt 0] Parser 'parser' entering state 'start'
[12:52:35.353] [bmv2] [D] [thread 6392] [20.0] [cxt 0] Parser state 'start' has no switch, going to default next state
[12:52:35.353] [bmv2] [T] [thread 6392] [20.0] [cxt 0] Bytes parsed: 0
[12:52:35.353] [bmv2] [D] [thread 6392] [20.0] [cxt 0] Parser 'parser': end
[12:52:35.353] [bmv2] [D] [thread 6392] [20.0] [cxt 0] Pipeline 'ingress': start
[12:52:35.353] [bmv2] [T] [thread 6392] [20.0] [cxt 0] Applying table 'MyIngress.ipv4_lpm'
[12:52:35.353] [bmv2] [D] [thread 6392] [20.0] [cxt 0] Looking up key:
* hdr.ipv4.dstAddr    : 00000000

[12:52:35.353] [bmv2] [D] [thread 6392] [20.0] [cxt 0] Table 'MyIngress.ipv4_lpm': miss
[12:52:35.353] [bmv2] [D] [thread 6392] [20.0] [cxt 0] Action entry is NoAction - 
[12:52:35.353] [bmv2] [T] [thread 6392] [20.0] [cxt 0] Action NoAction
[12:52:35.353] [bmv2] [D] [thread 6392] [20.0] [cxt 0] Pipeline 'ingress': end
[12:52:35.354] [bmv2] [D] [thread 6392] [20.0] [cxt 0] Egress port is 0
[12:52:35.354] [bmv2] [D] [thread 6393] [20.0] [cxt 0] Pipeline 'egress': start
[12:52:35.354] [bmv2] [D] [thread 6393] [20.0] [cxt 0] Pipeline 'egress': end
[12:52:35.354] [bmv2] [D] [thread 6393] [20.0] [cxt 0] Deparser 'deparser': start
[12:52:35.354] [bmv2] [T] [thread 6393] [20.0] [cxt 0] Skipping checksum 'cksum' update because condition not met
[12:52:35.354] [bmv2] [D] [thread 6393] [20.0] [cxt 0] Deparser 'deparser': end
[12:52:35.354] [bmv2] [D] [thread 6397] [20.0] [cxt 0] Transmitting packet of size 90 out of port 0
[12:52:35.497] [bmv2] [D] [thread 6392] [21.0] [cxt 0] Processing packet received on port 2
[12:52:35.497] [bmv2] [D] [thread 6392] [21.0] [cxt 0] Parser 'parser': start
[12:52:35.497] [bmv2] [D] [thread 6392] [21.0] [cxt 0] Parser 'parser' entering state 'start'
[12:52:35.497] [bmv2] [D] [thread 6392] [21.0] [cxt 0] Parser state 'start' has no switch, going to default next state
[12:52:35.497] [bmv2] [T] [thread 6392] [21.0] [cxt 0] Bytes parsed: 0
[12:52:35.497] [bmv2] [D] [thread 6392] [21.0] [cxt 0] Parser 'parser': end
[12:52:35.497] [bmv2] [D] [thread 6392] [21.0] [cxt 0] Pipeline 'ingress': start
[12:52:35.497] [bmv2] [T] [thread 6392] [21.0] [cxt 0] Applying table 'MyIngress.ipv4_lpm'
[12:52:35.497] [bmv2] [D] [thread 6392] [21.0] [cxt 0] Looking up key:
* hdr.ipv4.dstAddr    : 00000000

[12:52:35.497] [bmv2] [D] [thread 6392] [21.0] [cxt 0] Table 'MyIngress.ipv4_lpm': miss
[12:52:35.497] [bmv2] [D] [thread 6392] [21.0] [cxt 0] Action entry is NoAction - 
[12:52:35.497] [bmv2] [T] [thread 6392] [21.0] [cxt 0] Action NoAction
[12:52:35.497] [bmv2] [D] [thread 6392] [21.0] [cxt 0] Pipeline 'ingress': end
[12:52:35.497] [bmv2] [D] [thread 6392] [21.0] [cxt 0] Egress port is 0
[12:52:35.498] [bmv2] [D] [thread 6393] [21.0] [cxt 0] Pipeline 'egress': start
[12:52:35.498] [bmv2] [D] [thread 6393] [21.0] [cxt 0] Pipeline 'egress': end
[12:52:35.498] [bmv2] [D] [thread 6393] [21.0] [cxt 0] Deparser 'deparser': start
[12:52:35.498] [bmv2] [T] [thread 6393] [21.0] [cxt 0] Skipping checksum 'cksum' update because condition not met
[12:52:35.498] [bmv2] [D] [thread 6393] [21.0] [cxt 0] Deparser 'deparser': end
[12:52:35.498] [bmv2] [D] [thread 6397] [21.0] [cxt 0] Transmitting packet of size 225 out of port 0
[12:52:35.531] [bmv2] [D] [thread 6392] [22.0] [cxt 0] Processing packet received on port 2
[12:52:35.531] [bmv2] [D] [thread 6392] [22.0] [cxt 0] Parser 'parser': start
[12:52:35.531] [bmv2] [D] [thread 6392] [22.0] [cxt 0] Parser 'parser' entering state 'start'
[12:52:35.531] [bmv2] [D] [thread 6392] [22.0] [cxt 0] Parser state 'start' has no switch, going to default next state
[12:52:35.531] [bmv2] [T] [thread 6392] [22.0] [cxt 0] Bytes parsed: 0
[12:52:35.531] [bmv2] [D] [thread 6392] [22.0] [cxt 0] Parser 'parser': end
[12:52:35.531] [bmv2] [D] [thread 6392] [22.0] [cxt 0] Pipeline 'ingress': start
[12:52:35.531] [bmv2] [T] [thread 6392] [22.0] [cxt 0] Applying table 'MyIngress.ipv4_lpm'
[12:52:35.531] [bmv2] [D] [thread 6392] [22.0] [cxt 0] Looking up key:
* hdr.ipv4.dstAddr    : 00000000

[12:52:35.531] [bmv2] [D] [thread 6392] [22.0] [cxt 0] Table 'MyIngress.ipv4_lpm': miss
[12:52:35.531] [bmv2] [D] [thread 6392] [22.0] [cxt 0] Action entry is NoAction - 
[12:52:35.531] [bmv2] [T] [thread 6392] [22.0] [cxt 0] Action NoAction
[12:52:35.531] [bmv2] [D] [thread 6392] [22.0] [cxt 0] Pipeline 'ingress': end
[12:52:35.531] [bmv2] [D] [thread 6392] [22.0] [cxt 0] Egress port is 0
[12:52:35.532] [bmv2] [D] [thread 6393] [22.0] [cxt 0] Pipeline 'egress': start
[12:52:35.532] [bmv2] [D] [thread 6393] [22.0] [cxt 0] Pipeline 'egress': end
[12:52:35.532] [bmv2] [D] [thread 6393] [22.0] [cxt 0] Deparser 'deparser': start
[12:52:35.532] [bmv2] [T] [thread 6393] [22.0] [cxt 0] Skipping checksum 'cksum' update because condition not met
[12:52:35.532] [bmv2] [D] [thread 6393] [22.0] [cxt 0] Deparser 'deparser': end
[12:52:35.532] [bmv2] [D] [thread 6397] [22.0] [cxt 0] Transmitting packet of size 225 out of port 0
[12:52:35.545] [bmv2] [D] [thread 6392] [23.0] [cxt 0] Processing packet received on port 1
[12:52:35.545] [bmv2] [D] [thread 6392] [23.0] [cxt 0] Parser 'parser': start
[12:52:35.545] [bmv2] [D] [thread 6392] [23.0] [cxt 0] Parser 'parser' entering state 'start'
[12:52:35.545] [bmv2] [D] [thread 6392] [23.0] [cxt 0] Parser state 'start' has no switch, going to default next state
[12:52:35.545] [bmv2] [T] [thread 6392] [23.0] [cxt 0] Bytes parsed: 0
[12:52:35.545] [bmv2] [D] [thread 6392] [23.0] [cxt 0] Parser 'parser': end
[12:52:35.545] [bmv2] [D] [thread 6392] [23.0] [cxt 0] Pipeline 'ingress': start
[12:52:35.545] [bmv2] [T] [thread 6392] [23.0] [cxt 0] Applying table 'MyIngress.ipv4_lpm'
[12:52:35.546] [bmv2] [D] [thread 6392] [23.0] [cxt 0] Looking up key:
* hdr.ipv4.dstAddr    : 00000000

[12:52:35.546] [bmv2] [D] [thread 6392] [23.0] [cxt 0] Table 'MyIngress.ipv4_lpm': miss
[12:52:35.546] [bmv2] [D] [thread 6392] [23.0] [cxt 0] Action entry is NoAction - 
[12:52:35.546] [bmv2] [T] [thread 6392] [23.0] [cxt 0] Action NoAction
[12:52:35.546] [bmv2] [D] [thread 6392] [23.0] [cxt 0] Pipeline 'ingress': end
[12:52:35.546] [bmv2] [D] [thread 6392] [23.0] [cxt 0] Egress port is 0
[12:52:35.546] [bmv2] [D] [thread 6393] [23.0] [cxt 0] Pipeline 'egress': start
[12:52:35.546] [bmv2] [D] [thread 6393] [23.0] [cxt 0] Pipeline 'egress': end
[12:52:35.546] [bmv2] [D] [thread 6393] [23.0] [cxt 0] Deparser 'deparser': start
[12:52:35.546] [bmv2] [T] [thread 6393] [23.0] [cxt 0] Skipping checksum 'cksum' update because condition not met
[12:52:35.546] [bmv2] [D] [thread 6393] [23.0] [cxt 0] Deparser 'deparser': end
[12:52:35.546] [bmv2] [D] [thread 6397] [23.0] [cxt 0] Transmitting packet of size 225 out of port 0
[12:52:35.558] [bmv2] [D] [thread 6392] [24.0] [cxt 0] Processing packet received on port 1
[12:52:35.558] [bmv2] [D] [thread 6392] [24.0] [cxt 0] Parser 'parser': start
[12:52:35.558] [bmv2] [D] [thread 6392] [24.0] [cxt 0] Parser 'parser' entering state 'start'
[12:52:35.558] [bmv2] [D] [thread 6392] [24.0] [cxt 0] Parser state 'start' has no switch, going to default next state
[12:52:35.558] [bmv2] [T] [thread 6392] [24.0] [cxt 0] Bytes parsed: 0
[12:52:35.558] [bmv2] [D] [thread 6392] [24.0] [cxt 0] Parser 'parser': end
[12:52:35.558] [bmv2] [D] [thread 6392] [24.0] [cxt 0] Pipeline 'ingress': start
[12:52:35.558] [bmv2] [T] [thread 6392] [24.0] [cxt 0] Applying table 'MyIngress.ipv4_lpm'
[12:52:35.558] [bmv2] [D] [thread 6392] [24.0] [cxt 0] Looking up key:
* hdr.ipv4.dstAddr    : 00000000

[12:52:35.558] [bmv2] [D] [thread 6392] [24.0] [cxt 0] Table 'MyIngress.ipv4_lpm': miss
[12:52:35.558] [bmv2] [D] [thread 6392] [24.0] [cxt 0] Action entry is NoAction - 
[12:52:35.558] [bmv2] [T] [thread 6392] [24.0] [cxt 0] Action NoAction
[12:52:35.558] [bmv2] [D] [thread 6392] [24.0] [cxt 0] Pipeline 'ingress': end
[12:52:35.558] [bmv2] [D] [thread 6392] [24.0] [cxt 0] Egress port is 0
[12:52:35.559] [bmv2] [D] [thread 6393] [24.0] [cxt 0] Pipeline 'egress': start
[12:52:35.559] [bmv2] [D] [thread 6393] [24.0] [cxt 0] Pipeline 'egress': end
[12:52:35.559] [bmv2] [D] [thread 6393] [24.0] [cxt 0] Deparser 'deparser': start
[12:52:35.559] [bmv2] [T] [thread 6393] [24.0] [cxt 0] Skipping checksum 'cksum' update because condition not met
[12:52:35.559] [bmv2] [D] [thread 6393] [24.0] [cxt 0] Deparser 'deparser': end
[12:52:35.559] [bmv2] [D] [thread 6397] [24.0] [cxt 0] Transmitting packet of size 110 out of port 0
[12:52:35.590] [bmv2] [D] [thread 6392] [25.0] [cxt 0] Processing packet received on port 2
[12:52:35.590] [bmv2] [D] [thread 6392] [25.0] [cxt 0] Parser 'parser': start
[12:52:35.590] [bmv2] [D] [thread 6392] [25.0] [cxt 0] Parser 'parser' entering state 'start'
[12:52:35.590] [bmv2] [D] [thread 6392] [25.0] [cxt 0] Parser state 'start' has no switch, going to default next state
[12:52:35.590] [bmv2] [T] [thread 6392] [25.0] [cxt 0] Bytes parsed: 0
[12:52:35.590] [bmv2] [D] [thread 6392] [25.0] [cxt 0] Parser 'parser': end
[12:52:35.590] [bmv2] [D] [thread 6392] [25.0] [cxt 0] Pipeline 'ingress': start
[12:52:35.590] [bmv2] [T] [thread 6392] [25.0] [cxt 0] Applying table 'MyIngress.ipv4_lpm'
[12:52:35.590] [bmv2] [D] [thread 6392] [25.0] [cxt 0] Looking up key:
* hdr.ipv4.dstAddr    : 00000000

[12:52:35.590] [bmv2] [D] [thread 6392] [25.0] [cxt 0] Table 'MyIngress.ipv4_lpm': miss
[12:52:35.590] [bmv2] [D] [thread 6392] [25.0] [cxt 0] Action entry is NoAction - 
[12:52:35.591] [bmv2] [T] [thread 6392] [25.0] [cxt 0] Action NoAction
[12:52:35.591] [bmv2] [D] [thread 6392] [25.0] [cxt 0] Pipeline 'ingress': end
[12:52:35.591] [bmv2] [D] [thread 6392] [25.0] [cxt 0] Egress port is 0
[12:52:35.591] [bmv2] [D] [thread 6393] [25.0] [cxt 0] Pipeline 'egress': start
[12:52:35.591] [bmv2] [D] [thread 6393] [25.0] [cxt 0] Pipeline 'egress': end
[12:52:35.591] [bmv2] [D] [thread 6393] [25.0] [cxt 0] Deparser 'deparser': start
[12:52:35.591] [bmv2] [T] [thread 6393] [25.0] [cxt 0] Skipping checksum 'cksum' update because condition not met
[12:52:35.591] [bmv2] [D] [thread 6393] [25.0] [cxt 0] Deparser 'deparser': end
[12:52:35.591] [bmv2] [D] [thread 6397] [25.0] [cxt 0] Transmitting packet of size 110 out of port 0
[12:52:35.607] [bmv2] [D] [thread 6392] [26.0] [cxt 0] Processing packet received on port 1
[12:52:35.607] [bmv2] [D] [thread 6392] [26.0] [cxt 0] Parser 'parser': start
[12:52:35.607] [bmv2] [D] [thread 6392] [26.0] [cxt 0] Parser 'parser' entering state 'start'
[12:52:35.607] [bmv2] [D] [thread 6392] [26.0] [cxt 0] Parser state 'start' has no switch, going to default next state
[12:52:35.607] [bmv2] [T] [thread 6392] [26.0] [cxt 0] Bytes parsed: 0
[12:52:35.607] [bmv2] [D] [thread 6392] [26.0] [cxt 0] Parser 'parser': end
[12:52:35.607] [bmv2] [D] [thread 6392] [26.0] [cxt 0] Pipeline 'ingress': start
[12:52:35.607] [bmv2] [T] [thread 6392] [26.0] [cxt 0] Applying table 'MyIngress.ipv4_lpm'
[12:52:35.607] [bmv2] [D] [thread 6392] [26.0] [cxt 0] Looking up key:
* hdr.ipv4.dstAddr    : 00000000

[12:52:35.607] [bmv2] [D] [thread 6392] [26.0] [cxt 0] Table 'MyIngress.ipv4_lpm': miss
[12:52:35.607] [bmv2] [D] [thread 6392] [26.0] [cxt 0] Action entry is NoAction - 
[12:52:35.607] [bmv2] [T] [thread 6392] [26.0] [cxt 0] Action NoAction
[12:52:35.607] [bmv2] [D] [thread 6392] [26.0] [cxt 0] Pipeline 'ingress': end
[12:52:35.607] [bmv2] [D] [thread 6392] [26.0] [cxt 0] Egress port is 0
[12:52:35.607] [bmv2] [D] [thread 6393] [26.0] [cxt 0] Pipeline 'egress': start
[12:52:35.607] [bmv2] [D] [thread 6393] [26.0] [cxt 0] Pipeline 'egress': end
[12:52:35.607] [bmv2] [D] [thread 6393] [26.0] [cxt 0] Deparser 'deparser': start
[12:52:35.607] [bmv2] [T] [thread 6393] [26.0] [cxt 0] Skipping checksum 'cksum' update because condition not met
[12:52:35.607] [bmv2] [D] [thread 6393] [26.0] [cxt 0] Deparser 'deparser': end
[12:52:35.607] [bmv2] [D] [thread 6397] [26.0] [cxt 0] Transmitting packet of size 203 out of port 0
[12:52:35.653] [bmv2] [D] [thread 6392] [27.0] [cxt 0] Processing packet received on port 2
[12:52:35.653] [bmv2] [D] [thread 6392] [27.0] [cxt 0] Parser 'parser': start
[12:52:35.653] [bmv2] [D] [thread 6392] [27.0] [cxt 0] Parser 'parser' entering state 'start'
[12:52:35.653] [bmv2] [D] [thread 6392] [27.0] [cxt 0] Parser state 'start' has no switch, going to default next state
[12:52:35.653] [bmv2] [T] [thread 6392] [27.0] [cxt 0] Bytes parsed: 0
[12:52:35.653] [bmv2] [D] [thread 6392] [27.0] [cxt 0] Parser 'parser': end
[12:52:35.654] [bmv2] [D] [thread 6392] [27.0] [cxt 0] Pipeline 'ingress': start
[12:52:35.654] [bmv2] [T] [thread 6392] [27.0] [cxt 0] Applying table 'MyIngress.ipv4_lpm'
[12:52:35.654] [bmv2] [D] [thread 6392] [27.0] [cxt 0] Looking up key:
* hdr.ipv4.dstAddr    : 00000000

[12:52:35.654] [bmv2] [D] [thread 6392] [27.0] [cxt 0] Table 'MyIngress.ipv4_lpm': miss
[12:52:35.654] [bmv2] [D] [thread 6392] [27.0] [cxt 0] Action entry is NoAction - 
[12:52:35.654] [bmv2] [T] [thread 6392] [27.0] [cxt 0] Action NoAction
[12:52:35.654] [bmv2] [D] [thread 6392] [27.0] [cxt 0] Pipeline 'ingress': end
[12:52:35.654] [bmv2] [D] [thread 6392] [27.0] [cxt 0] Egress port is 0
[12:52:35.654] [bmv2] [D] [thread 6393] [27.0] [cxt 0] Pipeline 'egress': start
[12:52:35.654] [bmv2] [D] [thread 6393] [27.0] [cxt 0] Pipeline 'egress': end
[12:52:35.654] [bmv2] [D] [thread 6393] [27.0] [cxt 0] Deparser 'deparser': start
[12:52:35.654] [bmv2] [T] [thread 6393] [27.0] [cxt 0] Skipping checksum 'cksum' update because condition not met
[12:52:35.654] [bmv2] [D] [thread 6393] [27.0] [cxt 0] Deparser 'deparser': end
[12:52:35.654] [bmv2] [D] [thread 6397] [27.0] [cxt 0] Transmitting packet of size 110 out of port 0
[12:52:35.697] [bmv2] [D] [thread 6392] [28.0] [cxt 0] Processing packet received on port 2
[12:52:35.698] [bmv2] [D] [thread 6392] [28.0] [cxt 0] Parser 'parser': start
[12:52:35.698] [bmv2] [D] [thread 6392] [28.0] [cxt 0] Parser 'parser' entering state 'start'
[12:52:35.698] [bmv2] [D] [thread 6392] [28.0] [cxt 0] Parser state 'start' has no switch, going to default next state
[12:52:35.698] [bmv2] [T] [thread 6392] [28.0] [cxt 0] Bytes parsed: 0
[12:52:35.698] [bmv2] [D] [thread 6392] [28.0] [cxt 0] Parser 'parser': end
[12:52:35.698] [bmv2] [D] [thread 6392] [28.0] [cxt 0] Pipeline 'ingress': start
[12:52:35.698] [bmv2] [T] [thread 6392] [28.0] [cxt 0] Applying table 'MyIngress.ipv4_lpm'
[12:52:35.698] [bmv2] [D] [thread 6392] [28.0] [cxt 0] Looking up key:
* hdr.ipv4.dstAddr    : 00000000

[12:52:35.698] [bmv2] [D] [thread 6392] [28.0] [cxt 0] Table 'MyIngress.ipv4_lpm': miss
[12:52:35.698] [bmv2] [D] [thread 6392] [28.0] [cxt 0] Action entry is NoAction - 
[12:52:35.698] [bmv2] [T] [thread 6392] [28.0] [cxt 0] Action NoAction
[12:52:35.698] [bmv2] [D] [thread 6392] [28.0] [cxt 0] Pipeline 'ingress': end
[12:52:35.698] [bmv2] [D] [thread 6392] [28.0] [cxt 0] Egress port is 0
[12:52:35.698] [bmv2] [D] [thread 6393] [28.0] [cxt 0] Pipeline 'egress': start
[12:52:35.698] [bmv2] [D] [thread 6393] [28.0] [cxt 0] Pipeline 'egress': end
[12:52:35.698] [bmv2] [D] [thread 6393] [28.0] [cxt 0] Deparser 'deparser': start
[12:52:35.698] [bmv2] [T] [thread 6393] [28.0] [cxt 0] Skipping checksum 'cksum' update because condition not met
[12:52:35.698] [bmv2] [D] [thread 6393] [28.0] [cxt 0] Deparser 'deparser': end
[12:52:35.698] [bmv2] [D] [thread 6397] [28.0] [cxt 0] Transmitting packet of size 213 out of port 0
[12:52:35.732] [bmv2] [D] [thread 6392] [29.0] [cxt 0] Processing packet received on port 2
[12:52:35.732] [bmv2] [D] [thread 6392] [29.0] [cxt 0] Parser 'parser': start
[12:52:35.732] [bmv2] [D] [thread 6392] [29.0] [cxt 0] Parser 'parser' entering state 'start'
[12:52:35.733] [bmv2] [D] [thread 6392] [29.0] [cxt 0] Parser state 'start' has no switch, going to default next state
[12:52:35.733] [bmv2] [T] [thread 6392] [29.0] [cxt 0] Bytes parsed: 0
[12:52:35.733] [bmv2] [D] [thread 6392] [29.0] [cxt 0] Parser 'parser': end
[12:52:35.733] [bmv2] [D] [thread 6392] [29.0] [cxt 0] Pipeline 'ingress': start
[12:52:35.733] [bmv2] [T] [thread 6392] [29.0] [cxt 0] Applying table 'MyIngress.ipv4_lpm'
[12:52:35.733] [bmv2] [D] [thread 6392] [29.0] [cxt 0] Looking up key:
* hdr.ipv4.dstAddr    : 00000000

[12:52:35.733] [bmv2] [D] [thread 6392] [29.0] [cxt 0] Table 'MyIngress.ipv4_lpm': miss
[12:52:35.733] [bmv2] [D] [thread 6392] [29.0] [cxt 0] Action entry is NoAction - 
[12:52:35.733] [bmv2] [T] [thread 6392] [29.0] [cxt 0] Action NoAction
[12:52:35.733] [bmv2] [D] [thread 6392] [29.0] [cxt 0] Pipeline 'ingress': end
[12:52:35.733] [bmv2] [D] [thread 6392] [29.0] [cxt 0] Egress port is 0
[12:52:35.733] [bmv2] [D] [thread 6393] [29.0] [cxt 0] Pipeline 'egress': start
[12:52:35.733] [bmv2] [D] [thread 6393] [29.0] [cxt 0] Pipeline 'egress': end
[12:52:35.733] [bmv2] [D] [thread 6393] [29.0] [cxt 0] Deparser 'deparser': start
[12:52:35.733] [bmv2] [T] [thread 6393] [29.0] [cxt 0] Skipping checksum 'cksum' update because condition not met
[12:52:35.733] [bmv2] [D] [thread 6393] [29.0] [cxt 0] Deparser 'deparser': end
[12:52:35.733] [bmv2] [D] [thread 6397] [29.0] [cxt 0] Transmitting packet of size 213 out of port 0
[12:52:35.804] [bmv2] [D] [thread 6392] [30.0] [cxt 0] Processing packet received on port 1
[12:52:35.804] [bmv2] [D] [thread 6392] [30.0] [cxt 0] Parser 'parser': start
[12:52:35.804] [bmv2] [D] [thread 6392] [30.0] [cxt 0] Parser 'parser' entering state 'start'
[12:52:35.804] [bmv2] [D] [thread 6392] [30.0] [cxt 0] Parser state 'start' has no switch, going to default next state
[12:52:35.804] [bmv2] [T] [thread 6392] [30.0] [cxt 0] Bytes parsed: 0
[12:52:35.804] [bmv2] [D] [thread 6392] [30.0] [cxt 0] Parser 'parser': end
[12:52:35.804] [bmv2] [D] [thread 6392] [30.0] [cxt 0] Pipeline 'ingress': start
[12:52:35.804] [bmv2] [T] [thread 6392] [30.0] [cxt 0] Applying table 'MyIngress.ipv4_lpm'
[12:52:35.804] [bmv2] [D] [thread 6392] [30.0] [cxt 0] Looking up key:
* hdr.ipv4.dstAddr    : 00000000

[12:52:35.804] [bmv2] [D] [thread 6392] [30.0] [cxt 0] Table 'MyIngress.ipv4_lpm': miss
[12:52:35.804] [bmv2] [D] [thread 6392] [30.0] [cxt 0] Action entry is NoAction - 
[12:52:35.804] [bmv2] [T] [thread 6392] [30.0] [cxt 0] Action NoAction
[12:52:35.804] [bmv2] [D] [thread 6392] [30.0] [cxt 0] Pipeline 'ingress': end
[12:52:35.804] [bmv2] [D] [thread 6392] [30.0] [cxt 0] Egress port is 0
[12:52:35.804] [bmv2] [D] [thread 6393] [30.0] [cxt 0] Pipeline 'egress': start
[12:52:35.804] [bmv2] [D] [thread 6393] [30.0] [cxt 0] Pipeline 'egress': end
[12:52:35.804] [bmv2] [D] [thread 6393] [30.0] [cxt 0] Deparser 'deparser': start
[12:52:35.804] [bmv2] [T] [thread 6393] [30.0] [cxt 0] Skipping checksum 'cksum' update because condition not met
[12:52:35.804] [bmv2] [D] [thread 6393] [30.0] [cxt 0] Deparser 'deparser': end
[12:52:35.804] [bmv2] [D] [thread 6397] [30.0] [cxt 0] Transmitting packet of size 225 out of port 0
[12:52:35.805] [bmv2] [D] [thread 6392] [31.0] [cxt 0] Processing packet received on port 1
[12:52:35.805] [bmv2] [D] [thread 6392] [31.0] [cxt 0] Parser 'parser': start
[12:52:35.805] [bmv2] [D] [thread 6392] [31.0] [cxt 0] Parser 'parser' entering state 'start'
[12:52:35.805] [bmv2] [D] [thread 6392] [31.0] [cxt 0] Parser state 'start' has no switch, going to default next state
[12:52:35.805] [bmv2] [T] [thread 6392] [31.0] [cxt 0] Bytes parsed: 0
[12:52:35.805] [bmv2] [D] [thread 6392] [31.0] [cxt 0] Parser 'parser': end
[12:52:35.805] [bmv2] [D] [thread 6392] [31.0] [cxt 0] Pipeline 'ingress': start
[12:52:35.805] [bmv2] [T] [thread 6392] [31.0] [cxt 0] Applying table 'MyIngress.ipv4_lpm'
[12:52:35.805] [bmv2] [D] [thread 6392] [31.0] [cxt 0] Looking up key:
* hdr.ipv4.dstAddr    : 00000000

[12:52:35.805] [bmv2] [D] [thread 6392] [31.0] [cxt 0] Table 'MyIngress.ipv4_lpm': miss
[12:52:35.805] [bmv2] [D] [thread 6392] [31.0] [cxt 0] Action entry is NoAction - 
[12:52:35.805] [bmv2] [T] [thread 6392] [31.0] [cxt 0] Action NoAction
[12:52:35.805] [bmv2] [D] [thread 6392] [31.0] [cxt 0] Pipeline 'ingress': end
[12:52:35.805] [bmv2] [D] [thread 6392] [31.0] [cxt 0] Egress port is 0
[12:52:35.805] [bmv2] [D] [thread 6393] [31.0] [cxt 0] Pipeline 'egress': start
[12:52:35.805] [bmv2] [D] [thread 6393] [31.0] [cxt 0] Pipeline 'egress': end
[12:52:35.805] [bmv2] [D] [thread 6393] [31.0] [cxt 0] Deparser 'deparser': start
[12:52:35.805] [bmv2] [T] [thread 6393] [31.0] [cxt 0] Skipping checksum 'cksum' update because condition not met
[12:52:35.805] [bmv2] [D] [thread 6393] [31.0] [cxt 0] Deparser 'deparser': end
[12:52:35.805] [bmv2] [D] [thread 6397] [31.0] [cxt 0] Transmitting packet of size 127 out of port 0
[12:52:35.845] [bmv2] [D] [thread 6392] [32.0] [cxt 0] Processing packet received on port 2
[12:52:35.845] [bmv2] [D] [thread 6392] [32.0] [cxt 0] Parser 'parser': start
[12:52:35.845] [bmv2] [D] [thread 6392] [32.0] [cxt 0] Parser 'parser' entering state 'start'
[12:52:35.845] [bmv2] [D] [thread 6392] [32.0] [cxt 0] Parser state 'start' has no switch, going to default next state
[12:52:35.845] [bmv2] [T] [thread 6392] [32.0] [cxt 0] Bytes parsed: 0
[12:52:35.845] [bmv2] [D] [thread 6392] [32.0] [cxt 0] Parser 'parser': end
[12:52:35.845] [bmv2] [D] [thread 6392] [32.0] [cxt 0] Pipeline 'ingress': start
[12:52:35.845] [bmv2] [T] [thread 6392] [32.0] [cxt 0] Applying table 'MyIngress.ipv4_lpm'
[12:52:35.845] [bmv2] [D] [thread 6392] [32.0] [cxt 0] Looking up key:
* hdr.ipv4.dstAddr    : 00000000

[12:52:35.845] [bmv2] [D] [thread 6392] [32.0] [cxt 0] Table 'MyIngress.ipv4_lpm': miss
[12:52:35.845] [bmv2] [D] [thread 6392] [32.0] [cxt 0] Action entry is NoAction - 
[12:52:35.845] [bmv2] [T] [thread 6392] [32.0] [cxt 0] Action NoAction
[12:52:35.845] [bmv2] [D] [thread 6392] [32.0] [cxt 0] Pipeline 'ingress': end
[12:52:35.846] [bmv2] [D] [thread 6392] [32.0] [cxt 0] Egress port is 0
[12:52:35.846] [bmv2] [D] [thread 6393] [32.0] [cxt 0] Pipeline 'egress': start
[12:52:35.846] [bmv2] [D] [thread 6393] [32.0] [cxt 0] Pipeline 'egress': end
[12:52:35.846] [bmv2] [D] [thread 6393] [32.0] [cxt 0] Deparser 'deparser': start
[12:52:35.846] [bmv2] [T] [thread 6393] [32.0] [cxt 0] Skipping checksum 'cksum' update because condition not met
[12:52:35.846] [bmv2] [D] [thread 6393] [32.0] [cxt 0] Deparser 'deparser': end
[12:52:35.846] [bmv2] [D] [thread 6397] [32.0] [cxt 0] Transmitting packet of size 90 out of port 0
[12:52:36.002] [bmv2] [D] [thread 6392] [33.0] [cxt 0] Processing packet received on port 1
[12:52:36.002] [bmv2] [D] [thread 6392] [33.0] [cxt 0] Parser 'parser': start
[12:52:36.002] [bmv2] [D] [thread 6392] [33.0] [cxt 0] Parser 'parser' entering state 'start'
[12:52:36.002] [bmv2] [D] [thread 6392] [33.0] [cxt 0] Parser state 'start' has no switch, going to default next state
[12:52:36.002] [bmv2] [T] [thread 6392] [33.0] [cxt 0] Bytes parsed: 0
[12:52:36.002] [bmv2] [D] [thread 6392] [33.0] [cxt 0] Parser 'parser': end
[12:52:36.002] [bmv2] [D] [thread 6392] [33.0] [cxt 0] Pipeline 'ingress': start
[12:52:36.003] [bmv2] [T] [thread 6392] [33.0] [cxt 0] Applying table 'MyIngress.ipv4_lpm'
[12:52:36.003] [bmv2] [D] [thread 6392] [33.0] [cxt 0] Looking up key:
* hdr.ipv4.dstAddr    : 00000000

[12:52:36.003] [bmv2] [D] [thread 6392] [33.0] [cxt 0] Table 'MyIngress.ipv4_lpm': miss
[12:52:36.003] [bmv2] [D] [thread 6392] [33.0] [cxt 0] Action entry is NoAction - 
[12:52:36.003] [bmv2] [T] [thread 6392] [33.0] [cxt 0] Action NoAction
[12:52:36.003] [bmv2] [D] [thread 6392] [33.0] [cxt 0] Pipeline 'ingress': end
[12:52:36.003] [bmv2] [D] [thread 6392] [33.0] [cxt 0] Egress port is 0
[12:52:36.003] [bmv2] [D] [thread 6393] [33.0] [cxt 0] Pipeline 'egress': start
[12:52:36.003] [bmv2] [D] [thread 6393] [33.0] [cxt 0] Pipeline 'egress': end
[12:52:36.003] [bmv2] [D] [thread 6393] [33.0] [cxt 0] Deparser 'deparser': start
[12:52:36.003] [bmv2] [T] [thread 6393] [33.0] [cxt 0] Skipping checksum 'cksum' update because condition not met
[12:52:36.003] [bmv2] [D] [thread 6393] [33.0] [cxt 0] Deparser 'deparser': end
[12:52:36.003] [bmv2] [D] [thread 6397] [33.0] [cxt 0] Transmitting packet of size 213 out of port 0
[12:52:36.026] [bmv2] [D] [thread 6392] [34.0] [cxt 0] Processing packet received on port 2
[12:52:36.026] [bmv2] [D] [thread 6392] [34.0] [cxt 0] Parser 'parser': start
[12:52:36.026] [bmv2] [D] [thread 6392] [34.0] [cxt 0] Parser 'parser' entering state 'start'
[12:52:36.026] [bmv2] [D] [thread 6392] [34.0] [cxt 0] Parser state 'start' has no switch, going to default next state
[12:52:36.026] [bmv2] [T] [thread 6392] [34.0] [cxt 0] Bytes parsed: 0
[12:52:36.026] [bmv2] [D] [thread 6392] [34.0] [cxt 0] Parser 'parser': end
[12:52:36.026] [bmv2] [D] [thread 6392] [34.0] [cxt 0] Pipeline 'ingress': start
[12:52:36.026] [bmv2] [T] [thread 6392] [34.0] [cxt 0] Applying table 'MyIngress.ipv4_lpm'
[12:52:36.026] [bmv2] [D] [thread 6392] [34.0] [cxt 0] Looking up key:
* hdr.ipv4.dstAddr    : 00000000

[12:52:36.026] [bmv2] [D] [thread 6392] [34.0] [cxt 0] Table 'MyIngress.ipv4_lpm': miss
[12:52:36.026] [bmv2] [D] [thread 6392] [34.0] [cxt 0] Action entry is NoAction - 
[12:52:36.026] [bmv2] [T] [thread 6392] [34.0] [cxt 0] Action NoAction
[12:52:36.026] [bmv2] [D] [thread 6392] [34.0] [cxt 0] Pipeline 'ingress': end
[12:52:36.026] [bmv2] [D] [thread 6392] [34.0] [cxt 0] Egress port is 0
[12:52:36.027] [bmv2] [D] [thread 6393] [34.0] [cxt 0] Pipeline 'egress': start
[12:52:36.027] [bmv2] [D] [thread 6393] [34.0] [cxt 0] Pipeline 'egress': end
[12:52:36.027] [bmv2] [D] [thread 6393] [34.0] [cxt 0] Deparser 'deparser': start
[12:52:36.027] [bmv2] [T] [thread 6393] [34.0] [cxt 0] Skipping checksum 'cksum' update because condition not met
[12:52:36.027] [bmv2] [D] [thread 6393] [34.0] [cxt 0] Deparser 'deparser': end
[12:52:36.027] [bmv2] [D] [thread 6397] [34.0] [cxt 0] Transmitting packet of size 203 out of port 0
[12:52:36.304] [bmv2] [D] [thread 6392] [35.0] [cxt 0] Processing packet received on port 1
[12:52:36.304] [bmv2] [D] [thread 6392] [35.0] [cxt 0] Parser 'parser': start
[12:52:36.304] [bmv2] [D] [thread 6392] [35.0] [cxt 0] Parser 'parser' entering state 'start'
[12:52:36.304] [bmv2] [D] [thread 6392] [35.0] [cxt 0] Parser state 'start' has no switch, going to default next state
[12:52:36.304] [bmv2] [T] [thread 6392] [35.0] [cxt 0] Bytes parsed: 0
[12:52:36.305] [bmv2] [D] [thread 6392] [35.0] [cxt 0] Parser 'parser': end
[12:52:36.305] [bmv2] [D] [thread 6392] [35.0] [cxt 0] Pipeline 'ingress': start
[12:52:36.305] [bmv2] [T] [thread 6392] [35.0] [cxt 0] Applying table 'MyIngress.ipv4_lpm'
[12:52:36.305] [bmv2] [D] [thread 6392] [35.0] [cxt 0] Looking up key:
* hdr.ipv4.dstAddr    : 00000000

[12:52:36.305] [bmv2] [D] [thread 6392] [35.0] [cxt 0] Table 'MyIngress.ipv4_lpm': miss
[12:52:36.305] [bmv2] [D] [thread 6392] [35.0] [cxt 0] Action entry is NoAction - 
[12:52:36.305] [bmv2] [T] [thread 6392] [35.0] [cxt 0] Action NoAction
[12:52:36.305] [bmv2] [D] [thread 6392] [35.0] [cxt 0] Pipeline 'ingress': end
[12:52:36.305] [bmv2] [D] [thread 6392] [35.0] [cxt 0] Egress port is 0
[12:52:36.305] [bmv2] [D] [thread 6393] [35.0] [cxt 0] Pipeline 'egress': start
[12:52:36.305] [bmv2] [D] [thread 6393] [35.0] [cxt 0] Pipeline 'egress': end
[12:52:36.305] [bmv2] [D] [thread 6393] [35.0] [cxt 0] Deparser 'deparser': start
[12:52:36.305] [bmv2] [T] [thread 6393] [35.0] [cxt 0] Skipping checksum 'cksum' update because condition not met
[12:52:36.305] [bmv2] [D] [thread 6393] [35.0] [cxt 0] Deparser 'deparser': end
[12:52:36.305] [bmv2] [D] [thread 6397] [35.0] [cxt 0] Transmitting packet of size 185 out of port 0
[12:52:36.318] [bmv2] [D] [thread 6392] [36.0] [cxt 0] Processing packet received on port 1
[12:52:36.318] [bmv2] [D] [thread 6392] [36.0] [cxt 0] Parser 'parser': start
[12:52:36.318] [bmv2] [D] [thread 6392] [36.0] [cxt 0] Parser 'parser' entering state 'start'
[12:52:36.318] [bmv2] [D] [thread 6392] [36.0] [cxt 0] Parser state 'start' has no switch, going to default next state
[12:52:36.318] [bmv2] [T] [thread 6392] [36.0] [cxt 0] Bytes parsed: 0
[12:52:36.318] [bmv2] [D] [thread 6392] [36.0] [cxt 0] Parser 'parser': end
[12:52:36.318] [bmv2] [D] [thread 6392] [36.0] [cxt 0] Pipeline 'ingress': start
[12:52:36.318] [bmv2] [T] [thread 6392] [36.0] [cxt 0] Applying table 'MyIngress.ipv4_lpm'
[12:52:36.318] [bmv2] [D] [thread 6392] [36.0] [cxt 0] Looking up key:
* hdr.ipv4.dstAddr    : 00000000

[12:52:36.318] [bmv2] [D] [thread 6392] [36.0] [cxt 0] Table 'MyIngress.ipv4_lpm': miss
[12:52:36.318] [bmv2] [D] [thread 6392] [36.0] [cxt 0] Action entry is NoAction - 
[12:52:36.318] [bmv2] [T] [thread 6392] [36.0] [cxt 0] Action NoAction
[12:52:36.318] [bmv2] [D] [thread 6392] [36.0] [cxt 0] Pipeline 'ingress': end
[12:52:36.318] [bmv2] [D] [thread 6392] [36.0] [cxt 0] Egress port is 0
[12:52:36.319] [bmv2] [D] [thread 6393] [36.0] [cxt 0] Pipeline 'egress': start
[12:52:36.319] [bmv2] [D] [thread 6393] [36.0] [cxt 0] Pipeline 'egress': end
[12:52:36.319] [bmv2] [D] [thread 6393] [36.0] [cxt 0] Deparser 'deparser': start
[12:52:36.319] [bmv2] [T] [thread 6393] [36.0] [cxt 0] Skipping checksum 'cksum' update because condition not met
[12:52:36.319] [bmv2] [D] [thread 6393] [36.0] [cxt 0] Deparser 'deparser': end
[12:52:36.319] [bmv2] [D] [thread 6397] [36.0] [cxt 0] Transmitting packet of size 203 out of port 0
[12:52:36.720] [bmv2] [D] [thread 6392] [37.0] [cxt 0] Processing packet received on port 2
[12:52:36.720] [bmv2] [D] [thread 6392] [37.0] [cxt 0] Parser 'parser': start
[12:52:36.720] [bmv2] [D] [thread 6392] [37.0] [cxt 0] Parser 'parser' entering state 'start'
[12:52:36.720] [bmv2] [D] [thread 6392] [37.0] [cxt 0] Parser state 'start' has no switch, going to default next state
[12:52:36.720] [bmv2] [T] [thread 6392] [37.0] [cxt 0] Bytes parsed: 0
[12:52:36.720] [bmv2] [D] [thread 6392] [37.0] [cxt 0] Parser 'parser': end
[12:52:36.720] [bmv2] [D] [thread 6392] [37.0] [cxt 0] Pipeline 'ingress': start
[12:52:36.720] [bmv2] [T] [thread 6392] [37.0] [cxt 0] Applying table 'MyIngress.ipv4_lpm'
[12:52:36.720] [bmv2] [D] [thread 6392] [37.0] [cxt 0] Looking up key:
* hdr.ipv4.dstAddr    : 00000000

[12:52:36.720] [bmv2] [D] [thread 6392] [37.0] [cxt 0] Table 'MyIngress.ipv4_lpm': miss
[12:52:36.720] [bmv2] [D] [thread 6392] [37.0] [cxt 0] Action entry is NoAction - 
[12:52:36.720] [bmv2] [T] [thread 6392] [37.0] [cxt 0] Action NoAction
[12:52:36.720] [bmv2] [D] [thread 6392] [37.0] [cxt 0] Pipeline 'ingress': end
[12:52:36.720] [bmv2] [D] [thread 6392] [37.0] [cxt 0] Egress port is 0
[12:52:36.721] [bmv2] [D] [thread 6393] [37.0] [cxt 0] Pipeline 'egress': start
[12:52:36.721] [bmv2] [D] [thread 6393] [37.0] [cxt 0] Pipeline 'egress': end
[12:52:36.721] [bmv2] [D] [thread 6393] [37.0] [cxt 0] Deparser 'deparser': start
[12:52:36.721] [bmv2] [T] [thread 6393] [37.0] [cxt 0] Skipping checksum 'cksum' update because condition not met
[12:52:36.721] [bmv2] [D] [thread 6393] [37.0] [cxt 0] Deparser 'deparser': end
[12:52:36.721] [bmv2] [D] [thread 6397] [37.0] [cxt 0] Transmitting packet of size 213 out of port 0
[12:52:36.753] [bmv2] [D] [thread 6392] [38.0] [cxt 0] Processing packet received on port 2
[12:52:36.754] [bmv2] [D] [thread 6392] [38.0] [cxt 0] Parser 'parser': start
[12:52:36.754] [bmv2] [D] [thread 6392] [38.0] [cxt 0] Parser 'parser' entering state 'start'
[12:52:36.754] [bmv2] [D] [thread 6392] [38.0] [cxt 0] Parser state 'start' has no switch, going to default next state
[12:52:36.754] [bmv2] [T] [thread 6392] [38.0] [cxt 0] Bytes parsed: 0
[12:52:36.754] [bmv2] [D] [thread 6392] [38.0] [cxt 0] Parser 'parser': end
[12:52:36.754] [bmv2] [D] [thread 6392] [38.0] [cxt 0] Pipeline 'ingress': start
[12:52:36.754] [bmv2] [T] [thread 6392] [38.0] [cxt 0] Applying table 'MyIngress.ipv4_lpm'
[12:52:36.754] [bmv2] [D] [thread 6392] [38.0] [cxt 0] Looking up key:
* hdr.ipv4.dstAddr    : 00000000

[12:52:36.754] [bmv2] [D] [thread 6392] [38.0] [cxt 0] Table 'MyIngress.ipv4_lpm': miss
[12:52:36.754] [bmv2] [D] [thread 6392] [38.0] [cxt 0] Action entry is NoAction - 
[12:52:36.754] [bmv2] [T] [thread 6392] [38.0] [cxt 0] Action NoAction
[12:52:36.754] [bmv2] [D] [thread 6392] [38.0] [cxt 0] Pipeline 'ingress': end
[12:52:36.754] [bmv2] [D] [thread 6392] [38.0] [cxt 0] Egress port is 0
[12:52:36.754] [bmv2] [D] [thread 6393] [38.0] [cxt 0] Pipeline 'egress': start
[12:52:36.754] [bmv2] [D] [thread 6393] [38.0] [cxt 0] Pipeline 'egress': end
[12:52:36.754] [bmv2] [D] [thread 6393] [38.0] [cxt 0] Deparser 'deparser': start
[12:52:36.754] [bmv2] [T] [thread 6393] [38.0] [cxt 0] Skipping checksum 'cksum' update because condition not met
[12:52:36.754] [bmv2] [D] [thread 6393] [38.0] [cxt 0] Deparser 'deparser': end
[12:52:36.754] [bmv2] [D] [thread 6397] [38.0] [cxt 0] Transmitting packet of size 213 out of port 0
New connection
P4Runtime SetForwardingPipelineConfig
[12:52:36.829] [bmv2] [W] [thread 6430] [P4Runtime] p4::tmp::P4DeviceConfig is deprecated
[12:52:36.830] [bmv2] [D] [thread 6430] Set default default entry for table 'MyIngress.ipv4_lpm': NoAction - 
P4Runtime Write
device_id: 2
election_id {
  low: 1
}
updates {
  type: MODIFY
  entity {
    table_entry {
      table_id: 33574068
      action {
        action {
          action_id: 16805608
        }
      }
      is_default_action: true
    }
  }
}
[12:52:36.835] [bmv2] [D] [thread 6431] Set default entry for table 'MyIngress.ipv4_lpm': MyIngress.drop - 
P4Runtime Write
device_id: 2
election_id {
  low: 1
}
updates {
  type: INSERT
  entity {
    table_entry {
      table_id: 33574068
      match {
        field_id: 1
        lpm {
          value: "\n\000\001\001"
          prefix_len: 32
        }
      }
      action {
        action {
          action_id: 16799317
          params {
            param_id: 1
            value: "\010\000\000\000\001\000"
          }
          params {
            param_id: 2
            value: "\000\001"
          }
        }
      }
    }
  }
}
[12:52:36.836] [bmv2] [D] [thread 6430] Entry 0 added to table 'MyIngress.ipv4_lpm'
[12:52:36.836] [bmv2] [D] [thread 6430] Dumping entry 0
Match key:
* hdr.ipv4.dstAddr    : LPM       0a000101/32
Action entry: MyIngress.ipv4_forward - 80000000100,1,

P4Runtime Write
device_id: 2
election_id {
  low: 1
}
updates {
  type: INSERT
  entity {
    table_entry {
      table_id: 33574068
      match {
        field_id: 1
        lpm {
          value: "\n\000\002\002"
          prefix_len: 32
        }
      }
      action {
        action {
          action_id: 16799317
          params {
            param_id: 1
            value: "\010\000\000\000\001\000"
          }
          params {
            param_id: 2
            value: "\000\001"
          }
        }
      }
    }
  }
}
[12:52:36.837] [bmv2] [D] [thread 6431] Entry 1 added to table 'MyIngress.ipv4_lpm'
[12:52:36.837] [bmv2] [D] [thread 6431] Dumping entry 1
Match key:
* hdr.ipv4.dstAddr    : LPM       0a000202/32
Action entry: MyIngress.ipv4_forward - 80000000100,1,

P4Runtime Write
device_id: 2
election_id {
  low: 1
}
updates {
  type: INSERT
  entity {
    table_entry {
      table_id: 33574068
      match {
        field_id: 1
        lpm {
          value: "\n\000\003\003"
          prefix_len: 32
        }
      }
      action {
        action {
          action_id: 16799317
          params {
            param_id: 1
            value: "\010\000\000\000\002\000"
          }
          params {
            param_id: 2
            value: "\000\002"
          }
        }
      }
    }
  }
}
[12:52:36.838] [bmv2] [D] [thread 6430] Entry 2 added to table 'MyIngress.ipv4_lpm'
[12:52:36.838] [bmv2] [D] [thread 6430] Dumping entry 2
Match key:
* hdr.ipv4.dstAddr    : LPM       0a000303/32
Action entry: MyIngress.ipv4_forward - 80000000200,2,

P4Runtime Write
device_id: 2
election_id {
  low: 1
}
updates {
  type: INSERT
  entity {
    table_entry {
      table_id: 33574068
      match {
        field_id: 1
        lpm {
          value: "\n\000\004\004"
          prefix_len: 32
        }
      }
      action {
        action {
          action_id: 16799317
          params {
            param_id: 1
            value: "\010\000\000\000\002\000"
          }
          params {
            param_id: 2
            value: "\000\002"
          }
        }
      }
    }
  }
}
[12:52:36.838] [bmv2] [D] [thread 6431] Entry 3 added to table 'MyIngress.ipv4_lpm'
[12:52:36.838] [bmv2] [D] [thread 6431] Dumping entry 3
Match key:
* hdr.ipv4.dstAddr    : LPM       0a000404/32
Action entry: MyIngress.ipv4_forward - 80000000200,2,

Connection removed
[12:52:37.024] [bmv2] [D] [thread 6392] [39.0] [cxt 0] Processing packet received on port 1
[12:52:37.024] [bmv2] [D] [thread 6392] [39.0] [cxt 0] Parser 'parser': start
[12:52:37.024] [bmv2] [D] [thread 6392] [39.0] [cxt 0] Parser 'parser' entering state 'start'
[12:52:37.024] [bmv2] [D] [thread 6392] [39.0] [cxt 0] Parser state 'start' has no switch, going to default next state
[12:52:37.024] [bmv2] [T] [thread 6392] [39.0] [cxt 0] Bytes parsed: 0
[12:52:37.024] [bmv2] [D] [thread 6392] [39.0] [cxt 0] Parser 'parser': end
[12:52:37.024] [bmv2] [D] [thread 6392] [39.0] [cxt 0] Pipeline 'ingress': start
[12:52:37.024] [bmv2] [T] [thread 6392] [39.0] [cxt 0] Applying table 'MyIngress.ipv4_lpm'
[12:52:37.024] [bmv2] [D] [thread 6392] [39.0] [cxt 0] Looking up key:
* hdr.ipv4.dstAddr    : 00000000

[12:52:37.024] [bmv2] [D] [thread 6392] [39.0] [cxt 0] Table 'MyIngress.ipv4_lpm': miss
[12:52:37.024] [bmv2] [D] [thread 6392] [39.0] [cxt 0] Action entry is MyIngress.drop - 
[12:52:37.024] [bmv2] [T] [thread 6392] [39.0] [cxt 0] Action MyIngress.drop
[12:52:37.024] [bmv2] [T] [thread 6392] [39.0] [cxt 0] basic.p4(78) Primitive mark_to_drop(standard_metadata)
[12:52:37.024] [bmv2] [D] [thread 6392] [39.0] [cxt 0] Pipeline 'ingress': end
[12:52:37.024] [bmv2] [D] [thread 6392] [39.0] [cxt 0] Egress port is 511
[12:52:37.024] [bmv2] [D] [thread 6392] [39.0] [cxt 0] Dropping packet at the end of ingress
[12:52:37.609] [bmv2] [D] [thread 6392] [40.0] [cxt 0] Processing packet received on port 1
[12:52:37.609] [bmv2] [D] [thread 6392] [40.0] [cxt 0] Parser 'parser': start
[12:52:37.609] [bmv2] [D] [thread 6392] [40.0] [cxt 0] Parser 'parser' entering state 'start'
[12:52:37.609] [bmv2] [D] [thread 6392] [40.0] [cxt 0] Parser state 'start' has no switch, going to default next state
[12:52:37.609] [bmv2] [T] [thread 6392] [40.0] [cxt 0] Bytes parsed: 0
[12:52:37.609] [bmv2] [D] [thread 6392] [40.0] [cxt 0] Parser 'parser': end
[12:52:37.609] [bmv2] [D] [thread 6392] [40.0] [cxt 0] Pipeline 'ingress': start
[12:52:37.609] [bmv2] [T] [thread 6392] [40.0] [cxt 0] Applying table 'MyIngress.ipv4_lpm'
[12:52:37.609] [bmv2] [D] [thread 6392] [40.0] [cxt 0] Looking up key:
* hdr.ipv4.dstAddr    : 00000000

[12:52:37.609] [bmv2] [D] [thread 6392] [40.0] [cxt 0] Table 'MyIngress.ipv4_lpm': miss
[12:52:37.609] [bmv2] [D] [thread 6392] [40.0] [cxt 0] Action entry is MyIngress.drop - 
[12:52:37.609] [bmv2] [T] [thread 6392] [40.0] [cxt 0] Action MyIngress.drop
[12:52:37.609] [bmv2] [T] [thread 6392] [40.0] [cxt 0] basic.p4(78) Primitive mark_to_drop(standard_metadata)
[12:52:37.609] [bmv2] [D] [thread 6392] [40.0] [cxt 0] Pipeline 'ingress': end
[12:52:37.609] [bmv2] [D] [thread 6392] [40.0] [cxt 0] Egress port is 511
[12:52:37.609] [bmv2] [D] [thread 6392] [40.0] [cxt 0] Dropping packet at the end of ingress
[12:52:38.028] [bmv2] [D] [thread 6392] [41.0] [cxt 0] Processing packet received on port 2
[12:52:38.028] [bmv2] [D] [thread 6392] [41.0] [cxt 0] Parser 'parser': start
[12:52:38.028] [bmv2] [D] [thread 6392] [41.0] [cxt 0] Parser 'parser' entering state 'start'
[12:52:38.028] [bmv2] [D] [thread 6392] [41.0] [cxt 0] Parser state 'start' has no switch, going to default next state
[12:52:38.028] [bmv2] [T] [thread 6392] [41.0] [cxt 0] Bytes parsed: 0
[12:52:38.028] [bmv2] [D] [thread 6392] [41.0] [cxt 0] Parser 'parser': end
[12:52:38.028] [bmv2] [D] [thread 6392] [41.0] [cxt 0] Pipeline 'ingress': start
[12:52:38.028] [bmv2] [T] [thread 6392] [41.0] [cxt 0] Applying table 'MyIngress.ipv4_lpm'
[12:52:38.028] [bmv2] [D] [thread 6392] [41.0] [cxt 0] Looking up key:
* hdr.ipv4.dstAddr    : 00000000

[12:52:38.028] [bmv2] [D] [thread 6392] [41.0] [cxt 0] Table 'MyIngress.ipv4_lpm': miss
[12:52:38.028] [bmv2] [D] [thread 6392] [41.0] [cxt 0] Action entry is MyIngress.drop - 
[12:52:38.028] [bmv2] [T] [thread 6392] [41.0] [cxt 0] Action MyIngress.drop
[12:52:38.028] [bmv2] [T] [thread 6392] [41.0] [cxt 0] basic.p4(78) Primitive mark_to_drop(standard_metadata)
[12:52:38.028] [bmv2] [D] [thread 6392] [41.0] [cxt 0] Pipeline 'ingress': end
[12:52:38.028] [bmv2] [D] [thread 6392] [41.0] [cxt 0] Egress port is 511
[12:52:38.028] [bmv2] [D] [thread 6392] [41.0] [cxt 0] Dropping packet at the end of ingress
[12:52:38.319] [bmv2] [D] [thread 6392] [42.0] [cxt 0] Processing packet received on port 1
[12:52:38.319] [bmv2] [D] [thread 6392] [42.0] [cxt 0] Parser 'parser': start
[12:52:38.319] [bmv2] [D] [thread 6392] [42.0] [cxt 0] Parser 'parser' entering state 'start'
[12:52:38.319] [bmv2] [D] [thread 6392] [42.0] [cxt 0] Parser state 'start' has no switch, going to default next state
[12:52:38.319] [bmv2] [T] [thread 6392] [42.0] [cxt 0] Bytes parsed: 0
[12:52:38.319] [bmv2] [D] [thread 6392] [42.0] [cxt 0] Parser 'parser': end
[12:52:38.319] [bmv2] [D] [thread 6392] [42.0] [cxt 0] Pipeline 'ingress': start
[12:52:38.319] [bmv2] [T] [thread 6392] [42.0] [cxt 0] Applying table 'MyIngress.ipv4_lpm'
[12:52:38.319] [bmv2] [D] [thread 6392] [42.0] [cxt 0] Looking up key:
* hdr.ipv4.dstAddr    : 00000000

[12:52:38.319] [bmv2] [D] [thread 6392] [42.0] [cxt 0] Table 'MyIngress.ipv4_lpm': miss
[12:52:38.319] [bmv2] [D] [thread 6392] [42.0] [cxt 0] Action entry is MyIngress.drop - 
[12:52:38.319] [bmv2] [T] [thread 6392] [42.0] [cxt 0] Action MyIngress.drop
[12:52:38.319] [bmv2] [T] [thread 6392] [42.0] [cxt 0] basic.p4(78) Primitive mark_to_drop(standard_metadata)
[12:52:38.319] [bmv2] [D] [thread 6392] [42.0] [cxt 0] Pipeline 'ingress': end
[12:52:38.319] [bmv2] [D] [thread 6392] [42.0] [cxt 0] Egress port is 511
[12:52:38.320] [bmv2] [D] [thread 6392] [42.0] [cxt 0] Dropping packet at the end of ingress
[12:52:38.326] [bmv2] [D] [thread 6392] [43.0] [cxt 0] Processing packet received on port 1
[12:52:38.326] [bmv2] [D] [thread 6392] [43.0] [cxt 0] Parser 'parser': start
[12:52:38.326] [bmv2] [D] [thread 6392] [43.0] [cxt 0] Parser 'parser' entering state 'start'
[12:52:38.326] [bmv2] [D] [thread 6392] [43.0] [cxt 0] Parser state 'start' has no switch, going to default next state
[12:52:38.326] [bmv2] [T] [thread 6392] [43.0] [cxt 0] Bytes parsed: 0
[12:52:38.326] [bmv2] [D] [thread 6392] [43.0] [cxt 0] Parser 'parser': end
[12:52:38.326] [bmv2] [D] [thread 6392] [43.0] [cxt 0] Pipeline 'ingress': start
[12:52:38.326] [bmv2] [T] [thread 6392] [43.0] [cxt 0] Applying table 'MyIngress.ipv4_lpm'
[12:52:38.326] [bmv2] [D] [thread 6392] [43.0] [cxt 0] Looking up key:
* hdr.ipv4.dstAddr    : 00000000

[12:52:38.326] [bmv2] [D] [thread 6392] [43.0] [cxt 0] Table 'MyIngress.ipv4_lpm': miss
[12:52:38.326] [bmv2] [D] [thread 6392] [43.0] [cxt 0] Action entry is MyIngress.drop - 
[12:52:38.326] [bmv2] [T] [thread 6392] [43.0] [cxt 0] Action MyIngress.drop
[12:52:38.326] [bmv2] [T] [thread 6392] [43.0] [cxt 0] basic.p4(78) Primitive mark_to_drop(standard_metadata)
[12:52:38.326] [bmv2] [D] [thread 6392] [43.0] [cxt 0] Pipeline 'ingress': end
[12:52:38.326] [bmv2] [D] [thread 6392] [43.0] [cxt 0] Egress port is 511
[12:52:38.326] [bmv2] [D] [thread 6392] [43.0] [cxt 0] Dropping packet at the end of ingress
[12:52:38.662] [bmv2] [D] [thread 6392] [44.0] [cxt 0] Processing packet received on port 1
[12:52:38.662] [bmv2] [D] [thread 6392] [44.0] [cxt 0] Parser 'parser': start
[12:52:38.662] [bmv2] [D] [thread 6392] [44.0] [cxt 0] Parser 'parser' entering state 'start'
[12:52:38.662] [bmv2] [D] [thread 6392] [44.0] [cxt 0] Parser state 'start' has no switch, going to default next state
[12:52:38.662] [bmv2] [T] [thread 6392] [44.0] [cxt 0] Bytes parsed: 0
[12:52:38.662] [bmv2] [D] [thread 6392] [44.0] [cxt 0] Parser 'parser': end
[12:52:38.662] [bmv2] [D] [thread 6392] [44.0] [cxt 0] Pipeline 'ingress': start
[12:52:38.662] [bmv2] [T] [thread 6392] [44.0] [cxt 0] Applying table 'MyIngress.ipv4_lpm'
[12:52:38.662] [bmv2] [D] [thread 6392] [44.0] [cxt 0] Looking up key:
* hdr.ipv4.dstAddr    : 00000000

[12:52:38.662] [bmv2] [D] [thread 6392] [44.0] [cxt 0] Table 'MyIngress.ipv4_lpm': miss
[12:52:38.662] [bmv2] [D] [thread 6392] [44.0] [cxt 0] Action entry is MyIngress.drop - 
[12:52:38.662] [bmv2] [T] [thread 6392] [44.0] [cxt 0] Action MyIngress.drop
[12:52:38.662] [bmv2] [T] [thread 6392] [44.0] [cxt 0] basic.p4(78) Primitive mark_to_drop(standard_metadata)
[12:52:38.662] [bmv2] [D] [thread 6392] [44.0] [cxt 0] Pipeline 'ingress': end
[12:52:38.662] [bmv2] [D] [thread 6392] [44.0] [cxt 0] Egress port is 511
[12:52:38.662] [bmv2] [D] [thread 6392] [44.0] [cxt 0] Dropping packet at the end of ingress
[12:52:38.662] [bmv2] [D] [thread 6392] [45.0] [cxt 0] Processing packet received on port 2
[12:52:38.662] [bmv2] [D] [thread 6392] [45.0] [cxt 0] Parser 'parser': start
[12:52:38.662] [bmv2] [D] [thread 6392] [45.0] [cxt 0] Parser 'parser' entering state 'start'
[12:52:38.663] [bmv2] [D] [thread 6392] [45.0] [cxt 0] Parser state 'start' has no switch, going to default next state
[12:52:38.663] [bmv2] [T] [thread 6392] [45.0] [cxt 0] Bytes parsed: 0
[12:52:38.663] [bmv2] [D] [thread 6392] [45.0] [cxt 0] Parser 'parser': end
[12:52:38.663] [bmv2] [D] [thread 6392] [45.0] [cxt 0] Pipeline 'ingress': start
[12:52:38.663] [bmv2] [T] [thread 6392] [45.0] [cxt 0] Applying table 'MyIngress.ipv4_lpm'
[12:52:38.663] [bmv2] [D] [thread 6392] [45.0] [cxt 0] Looking up key:
* hdr.ipv4.dstAddr    : 00000000

[12:52:38.663] [bmv2] [D] [thread 6392] [45.0] [cxt 0] Table 'MyIngress.ipv4_lpm': miss
[12:52:38.663] [bmv2] [D] [thread 6392] [45.0] [cxt 0] Action entry is MyIngress.drop - 
[12:52:38.663] [bmv2] [T] [thread 6392] [45.0] [cxt 0] Action MyIngress.drop
[12:52:38.663] [bmv2] [T] [thread 6392] [45.0] [cxt 0] basic.p4(78) Primitive mark_to_drop(standard_metadata)
[12:52:38.663] [bmv2] [D] [thread 6392] [45.0] [cxt 0] Pipeline 'ingress': end
[12:52:38.663] [bmv2] [D] [thread 6392] [45.0] [cxt 0] Egress port is 511
[12:52:38.663] [bmv2] [D] [thread 6392] [45.0] [cxt 0] Dropping packet at the end of ingress
[12:52:38.742] [bmv2] [D] [thread 6392] [46.0] [cxt 0] Processing packet received on port 2
[12:52:38.742] [bmv2] [D] [thread 6392] [46.0] [cxt 0] Parser 'parser': start
[12:52:38.742] [bmv2] [D] [thread 6392] [46.0] [cxt 0] Parser 'parser' entering state 'start'
[12:52:38.742] [bmv2] [D] [thread 6392] [46.0] [cxt 0] Parser state 'start' has no switch, going to default next state
[12:52:38.742] [bmv2] [T] [thread 6392] [46.0] [cxt 0] Bytes parsed: 0
[12:52:38.742] [bmv2] [D] [thread 6392] [46.0] [cxt 0] Parser 'parser': end
[12:52:38.742] [bmv2] [D] [thread 6392] [46.0] [cxt 0] Pipeline 'ingress': start
[12:52:38.742] [bmv2] [T] [thread 6392] [46.0] [cxt 0] Applying table 'MyIngress.ipv4_lpm'
[12:52:38.742] [bmv2] [D] [thread 6392] [46.0] [cxt 0] Looking up key:
* hdr.ipv4.dstAddr    : 00000000

[12:52:38.742] [bmv2] [D] [thread 6392] [46.0] [cxt 0] Table 'MyIngress.ipv4_lpm': miss
[12:52:38.742] [bmv2] [D] [thread 6392] [46.0] [cxt 0] Action entry is MyIngress.drop - 
[12:52:38.742] [bmv2] [T] [thread 6392] [46.0] [cxt 0] Action MyIngress.drop
[12:52:38.742] [bmv2] [T] [thread 6392] [46.0] [cxt 0] basic.p4(78) Primitive mark_to_drop(standard_metadata)
[12:52:38.742] [bmv2] [D] [thread 6392] [46.0] [cxt 0] Pipeline 'ingress': end
[12:52:38.742] [bmv2] [D] [thread 6392] [46.0] [cxt 0] Egress port is 511
[12:52:38.742] [bmv2] [D] [thread 6392] [46.0] [cxt 0] Dropping packet at the end of ingress
[12:52:38.774] [bmv2] [D] [thread 6392] [47.0] [cxt 0] Processing packet received on port 2
[12:52:38.774] [bmv2] [D] [thread 6392] [47.0] [cxt 0] Parser 'parser': start
[12:52:38.774] [bmv2] [D] [thread 6392] [47.0] [cxt 0] Parser 'parser' entering state 'start'
[12:52:38.774] [bmv2] [D] [thread 6392] [47.0] [cxt 0] Parser state 'start' has no switch, going to default next state
[12:52:38.774] [bmv2] [T] [thread 6392] [47.0] [cxt 0] Bytes parsed: 0
[12:52:38.774] [bmv2] [D] [thread 6392] [47.0] [cxt 0] Parser 'parser': end
[12:52:38.774] [bmv2] [D] [thread 6392] [47.0] [cxt 0] Pipeline 'ingress': start
[12:52:38.774] [bmv2] [T] [thread 6392] [47.0] [cxt 0] Applying table 'MyIngress.ipv4_lpm'
[12:52:38.774] [bmv2] [D] [thread 6392] [47.0] [cxt 0] Looking up key:
* hdr.ipv4.dstAddr    : 00000000

[12:52:38.774] [bmv2] [D] [thread 6392] [47.0] [cxt 0] Table 'MyIngress.ipv4_lpm': miss
[12:52:38.774] [bmv2] [D] [thread 6392] [47.0] [cxt 0] Action entry is MyIngress.drop - 
[12:52:38.774] [bmv2] [T] [thread 6392] [47.0] [cxt 0] Action MyIngress.drop
[12:52:38.774] [bmv2] [T] [thread 6392] [47.0] [cxt 0] basic.p4(78) Primitive mark_to_drop(standard_metadata)
[12:52:38.774] [bmv2] [D] [thread 6392] [47.0] [cxt 0] Pipeline 'ingress': end
[12:52:38.774] [bmv2] [D] [thread 6392] [47.0] [cxt 0] Egress port is 511
[12:52:38.774] [bmv2] [D] [thread 6392] [47.0] [cxt 0] Dropping packet at the end of ingress
[12:52:38.918] [bmv2] [D] [thread 6392] [48.0] [cxt 0] Processing packet received on port 2
[12:52:38.918] [bmv2] [D] [thread 6392] [48.0] [cxt 0] Parser 'parser': start
[12:52:38.918] [bmv2] [D] [thread 6392] [48.0] [cxt 0] Parser 'parser' entering state 'start'
[12:52:38.918] [bmv2] [D] [thread 6392] [48.0] [cxt 0] Parser state 'start' has no switch, going to default next state
[12:52:38.918] [bmv2] [T] [thread 6392] [48.0] [cxt 0] Bytes parsed: 0
[12:52:38.918] [bmv2] [D] [thread 6392] [48.0] [cxt 0] Parser 'parser': end
[12:52:38.918] [bmv2] [D] [thread 6392] [48.0] [cxt 0] Pipeline 'ingress': start
[12:52:38.918] [bmv2] [T] [thread 6392] [48.0] [cxt 0] Applying table 'MyIngress.ipv4_lpm'
[12:52:38.918] [bmv2] [D] [thread 6392] [48.0] [cxt 0] Looking up key:
* hdr.ipv4.dstAddr    : 00000000

[12:52:38.918] [bmv2] [D] [thread 6392] [48.0] [cxt 0] Table 'MyIngress.ipv4_lpm': miss
[12:52:38.918] [bmv2] [D] [thread 6392] [48.0] [cxt 0] Action entry is MyIngress.drop - 
[12:52:38.918] [bmv2] [T] [thread 6392] [48.0] [cxt 0] Action MyIngress.drop
[12:52:38.918] [bmv2] [T] [thread 6392] [48.0] [cxt 0] basic.p4(78) Primitive mark_to_drop(standard_metadata)
[12:52:38.918] [bmv2] [D] [thread 6392] [48.0] [cxt 0] Pipeline 'ingress': end
[12:52:38.918] [bmv2] [D] [thread 6392] [48.0] [cxt 0] Egress port is 511
[12:52:38.918] [bmv2] [D] [thread 6392] [48.0] [cxt 0] Dropping packet at the end of ingress
[12:52:39.047] [bmv2] [D] [thread 6392] [49.0] [cxt 0] Processing packet received on port 1
[12:52:39.047] [bmv2] [D] [thread 6392] [49.0] [cxt 0] Parser 'parser': start
[12:52:39.047] [bmv2] [D] [thread 6392] [49.0] [cxt 0] Parser 'parser' entering state 'start'
[12:52:39.047] [bmv2] [D] [thread 6392] [49.0] [cxt 0] Parser state 'start' has no switch, going to default next state
[12:52:39.047] [bmv2] [T] [thread 6392] [49.0] [cxt 0] Bytes parsed: 0
[12:52:39.047] [bmv2] [D] [thread 6392] [49.0] [cxt 0] Parser 'parser': end
[12:52:39.047] [bmv2] [D] [thread 6392] [49.0] [cxt 0] Pipeline 'ingress': start
[12:52:39.047] [bmv2] [T] [thread 6392] [49.0] [cxt 0] Applying table 'MyIngress.ipv4_lpm'
[12:52:39.047] [bmv2] [D] [thread 6392] [49.0] [cxt 0] Looking up key:
* hdr.ipv4.dstAddr    : 00000000

[12:52:39.047] [bmv2] [D] [thread 6392] [49.0] [cxt 0] Table 'MyIngress.ipv4_lpm': miss
[12:52:39.047] [bmv2] [D] [thread 6392] [49.0] [cxt 0] Action entry is MyIngress.drop - 
[12:52:39.047] [bmv2] [T] [thread 6392] [49.0] [cxt 0] Action MyIngress.drop
[12:52:39.047] [bmv2] [T] [thread 6392] [49.0] [cxt 0] basic.p4(78) Primitive mark_to_drop(standard_metadata)
[12:52:39.047] [bmv2] [D] [thread 6392] [49.0] [cxt 0] Pipeline 'ingress': end
[12:52:39.047] [bmv2] [D] [thread 6392] [49.0] [cxt 0] Egress port is 511
[12:52:39.047] [bmv2] [D] [thread 6392] [49.0] [cxt 0] Dropping packet at the end of ingress
[12:52:39.430] [bmv2] [D] [thread 6392] [50.0] [cxt 0] Processing packet received on port 1
[12:52:39.430] [bmv2] [D] [thread 6392] [50.0] [cxt 0] Parser 'parser': start
[12:52:39.430] [bmv2] [D] [thread 6392] [50.0] [cxt 0] Parser 'parser' entering state 'start'
[12:52:39.430] [bmv2] [D] [thread 6392] [50.0] [cxt 0] Parser state 'start' has no switch, going to default next state
[12:52:39.430] [bmv2] [T] [thread 6392] [50.0] [cxt 0] Bytes parsed: 0
[12:52:39.430] [bmv2] [D] [thread 6392] [50.0] [cxt 0] Parser 'parser': end
[12:52:39.430] [bmv2] [D] [thread 6392] [50.0] [cxt 0] Pipeline 'ingress': start
[12:52:39.430] [bmv2] [T] [thread 6392] [50.0] [cxt 0] Applying table 'MyIngress.ipv4_lpm'
[12:52:39.431] [bmv2] [D] [thread 6392] [50.0] [cxt 0] Looking up key:
* hdr.ipv4.dstAddr    : 00000000

[12:52:39.431] [bmv2] [D] [thread 6392] [50.0] [cxt 0] Table 'MyIngress.ipv4_lpm': miss
[12:52:39.431] [bmv2] [D] [thread 6392] [50.0] [cxt 0] Action entry is MyIngress.drop - 
[12:52:39.431] [bmv2] [T] [thread 6392] [50.0] [cxt 0] Action MyIngress.drop
[12:52:39.431] [bmv2] [T] [thread 6392] [50.0] [cxt 0] basic.p4(78) Primitive mark_to_drop(standard_metadata)
[12:52:39.431] [bmv2] [D] [thread 6392] [50.0] [cxt 0] Pipeline 'ingress': end
[12:52:39.431] [bmv2] [D] [thread 6392] [50.0] [cxt 0] Egress port is 511
[12:52:39.431] [bmv2] [D] [thread 6392] [50.0] [cxt 0] Dropping packet at the end of ingress
open: No such file or directory
