Calling target program-options parser
[12:52:35.278] [bmv2] [D] [thread 6399] Set default default entry for table 'MyIngress.ipv4_lpm': NoAction - 
Adding interface s4-eth1 as port 1
[12:52:35.279] [bmv2] [D] [thread 6399] Adding interface s4-eth1 as port 1
Adding interface s4-eth2 as port 2
[12:52:35.288] [bmv2] [D] [thread 6399] Adding interface s4-eth2 as port 2
Server listening on 0.0.0.0:50054
[12:52:35.290] [bmv2] [I] [thread 6399] Starting Thrift server on port 9093
[12:52:35.290] [bmv2] [I] [thread 6399] Thrift server was started
[12:52:35.334] [bmv2] [D] [thread 6409] [0.0] [cxt 0] Processing packet received on port 2
[12:52:35.334] [bmv2] [D] [thread 6409] [0.0] [cxt 0] Parser 'parser': start
[12:52:35.334] [bmv2] [D] [thread 6409] [0.0] [cxt 0] Parser 'parser' entering state 'start'
[12:52:35.334] [bmv2] [D] [thread 6409] [0.0] [cxt 0] Parser state 'start' has no switch, going to default next state
[12:52:35.334] [bmv2] [T] [thread 6409] [0.0] [cxt 0] Bytes parsed: 0
[12:52:35.334] [bmv2] [D] [thread 6409] [0.0] [cxt 0] Parser 'parser': end
[12:52:35.334] [bmv2] [D] [thread 6409] [0.0] [cxt 0] Pipeline 'ingress': start
[12:52:35.334] [bmv2] [T] [thread 6409] [0.0] [cxt 0] Applying table 'MyIngress.ipv4_lpm'
[12:52:35.334] [bmv2] [D] [thread 6409] [0.0] [cxt 0] Looking up key:
* hdr.ipv4.dstAddr    : 00000000

[12:52:35.335] [bmv2] [D] [thread 6409] [0.0] [cxt 0] Table 'MyIngress.ipv4_lpm': miss
[12:52:35.335] [bmv2] [D] [thread 6409] [0.0] [cxt 0] Action entry is NoAction - 
[12:52:35.335] [bmv2] [T] [thread 6409] [0.0] [cxt 0] Action NoAction
[12:52:35.335] [bmv2] [D] [thread 6409] [0.0] [cxt 0] Pipeline 'ingress': end
[12:52:35.335] [bmv2] [D] [thread 6409] [0.0] [cxt 0] Egress port is 0
[12:52:35.335] [bmv2] [D] [thread 6410] [0.0] [cxt 0] Pipeline 'egress': start
[12:52:35.335] [bmv2] [D] [thread 6410] [0.0] [cxt 0] Pipeline 'egress': end
[12:52:35.335] [bmv2] [D] [thread 6410] [0.0] [cxt 0] Deparser 'deparser': start
[12:52:35.335] [bmv2] [T] [thread 6410] [0.0] [cxt 0] Skipping checksum 'cksum' update because condition not met
[12:52:35.335] [bmv2] [D] [thread 6410] [0.0] [cxt 0] Deparser 'deparser': end
[12:52:35.335] [bmv2] [D] [thread 6414] [0.0] [cxt 0] Transmitting packet of size 110 out of port 0
[12:52:35.398] [bmv2] [D] [thread 6409] [1.0] [cxt 0] Processing packet received on port 1
[12:52:35.398] [bmv2] [D] [thread 6409] [1.0] [cxt 0] Parser 'parser': start
[12:52:35.398] [bmv2] [D] [thread 6409] [1.0] [cxt 0] Parser 'parser' entering state 'start'
[12:52:35.398] [bmv2] [D] [thread 6409] [1.0] [cxt 0] Parser state 'start' has no switch, going to default next state
[12:52:35.398] [bmv2] [T] [thread 6409] [1.0] [cxt 0] Bytes parsed: 0
[12:52:35.398] [bmv2] [D] [thread 6409] [1.0] [cxt 0] Parser 'parser': end
[12:52:35.398] [bmv2] [D] [thread 6409] [1.0] [cxt 0] Pipeline 'ingress': start
[12:52:35.398] [bmv2] [T] [thread 6409] [1.0] [cxt 0] Applying table 'MyIngress.ipv4_lpm'
[12:52:35.398] [bmv2] [D] [thread 6409] [1.0] [cxt 0] Looking up key:
* hdr.ipv4.dstAddr    : 00000000

[12:52:35.398] [bmv2] [D] [thread 6409] [1.0] [cxt 0] Table 'MyIngress.ipv4_lpm': miss
[12:52:35.398] [bmv2] [D] [thread 6409] [1.0] [cxt 0] Action entry is NoAction - 
[12:52:35.398] [bmv2] [T] [thread 6409] [1.0] [cxt 0] Action NoAction
[12:52:35.398] [bmv2] [D] [thread 6409] [1.0] [cxt 0] Pipeline 'ingress': end
[12:52:35.398] [bmv2] [D] [thread 6409] [1.0] [cxt 0] Egress port is 0
[12:52:35.398] [bmv2] [D] [thread 6410] [1.0] [cxt 0] Pipeline 'egress': start
[12:52:35.398] [bmv2] [D] [thread 6410] [1.0] [cxt 0] Pipeline 'egress': end
[12:52:35.398] [bmv2] [D] [thread 6410] [1.0] [cxt 0] Deparser 'deparser': start
[12:52:35.398] [bmv2] [T] [thread 6410] [1.0] [cxt 0] Skipping checksum 'cksum' update because condition not met
[12:52:35.398] [bmv2] [D] [thread 6410] [1.0] [cxt 0] Deparser 'deparser': end
[12:52:35.398] [bmv2] [D] [thread 6414] [1.0] [cxt 0] Transmitting packet of size 110 out of port 0
[12:52:35.400] [bmv2] [D] [thread 6409] [2.0] [cxt 0] Processing packet received on port 1
[12:52:35.400] [bmv2] [D] [thread 6409] [2.0] [cxt 0] Parser 'parser': start
[12:52:35.400] [bmv2] [D] [thread 6409] [2.0] [cxt 0] Parser 'parser' entering state 'start'
[12:52:35.400] [bmv2] [D] [thread 6409] [2.0] [cxt 0] Parser state 'start' has no switch, going to default next state
[12:52:35.400] [bmv2] [T] [thread 6409] [2.0] [cxt 0] Bytes parsed: 0
[12:52:35.400] [bmv2] [D] [thread 6409] [2.0] [cxt 0] Parser 'parser': end
[12:52:35.400] [bmv2] [D] [thread 6409] [2.0] [cxt 0] Pipeline 'ingress': start
[12:52:35.400] [bmv2] [T] [thread 6409] [2.0] [cxt 0] Applying table 'MyIngress.ipv4_lpm'
[12:52:35.400] [bmv2] [D] [thread 6409] [2.0] [cxt 0] Looking up key:
* hdr.ipv4.dstAddr    : 00000000

[12:52:35.400] [bmv2] [D] [thread 6409] [2.0] [cxt 0] Table 'MyIngress.ipv4_lpm': miss
[12:52:35.400] [bmv2] [D] [thread 6409] [2.0] [cxt 0] Action entry is NoAction - 
[12:52:35.400] [bmv2] [T] [thread 6409] [2.0] [cxt 0] Action NoAction
[12:52:35.400] [bmv2] [D] [thread 6409] [2.0] [cxt 0] Pipeline 'ingress': end
[12:52:35.400] [bmv2] [D] [thread 6409] [2.0] [cxt 0] Egress port is 0
[12:52:35.400] [bmv2] [D] [thread 6410] [2.0] [cxt 0] Pipeline 'egress': start
[12:52:35.400] [bmv2] [D] [thread 6410] [2.0] [cxt 0] Pipeline 'egress': end
[12:52:35.400] [bmv2] [D] [thread 6410] [2.0] [cxt 0] Deparser 'deparser': start
[12:52:35.400] [bmv2] [T] [thread 6410] [2.0] [cxt 0] Skipping checksum 'cksum' update because condition not met
[12:52:35.400] [bmv2] [D] [thread 6410] [2.0] [cxt 0] Deparser 'deparser': end
[12:52:35.400] [bmv2] [D] [thread 6414] [2.0] [cxt 0] Transmitting packet of size 225 out of port 0
[12:52:35.477] [bmv2] [D] [thread 6409] [3.0] [cxt 0] Processing packet received on port 1
[12:52:35.477] [bmv2] [D] [thread 6409] [3.0] [cxt 0] Parser 'parser': start
[12:52:35.477] [bmv2] [D] [thread 6409] [3.0] [cxt 0] Parser 'parser' entering state 'start'
[12:52:35.477] [bmv2] [D] [thread 6409] [3.0] [cxt 0] Parser state 'start' has no switch, going to default next state
[12:52:35.477] [bmv2] [T] [thread 6409] [3.0] [cxt 0] Bytes parsed: 0
[12:52:35.477] [bmv2] [D] [thread 6409] [3.0] [cxt 0] Parser 'parser': end
[12:52:35.477] [bmv2] [D] [thread 6409] [3.0] [cxt 0] Pipeline 'ingress': start
[12:52:35.477] [bmv2] [T] [thread 6409] [3.0] [cxt 0] Applying table 'MyIngress.ipv4_lpm'
[12:52:35.477] [bmv2] [D] [thread 6409] [3.0] [cxt 0] Looking up key:
* hdr.ipv4.dstAddr    : 00000000

[12:52:35.477] [bmv2] [D] [thread 6409] [3.0] [cxt 0] Table 'MyIngress.ipv4_lpm': miss
[12:52:35.477] [bmv2] [D] [thread 6409] [3.0] [cxt 0] Action entry is NoAction - 
[12:52:35.478] [bmv2] [T] [thread 6409] [3.0] [cxt 0] Action NoAction
[12:52:35.478] [bmv2] [D] [thread 6409] [3.0] [cxt 0] Pipeline 'ingress': end
[12:52:35.478] [bmv2] [D] [thread 6409] [3.0] [cxt 0] Egress port is 0
[12:52:35.478] [bmv2] [D] [thread 6410] [3.0] [cxt 0] Pipeline 'egress': start
[12:52:35.478] [bmv2] [D] [thread 6410] [3.0] [cxt 0] Pipeline 'egress': end
[12:52:35.478] [bmv2] [D] [thread 6410] [3.0] [cxt 0] Deparser 'deparser': start
[12:52:35.478] [bmv2] [T] [thread 6410] [3.0] [cxt 0] Skipping checksum 'cksum' update because condition not met
[12:52:35.478] [bmv2] [D] [thread 6410] [3.0] [cxt 0] Deparser 'deparser': end
[12:52:35.478] [bmv2] [D] [thread 6414] [3.0] [cxt 0] Transmitting packet of size 203 out of port 0
[12:52:35.533] [bmv2] [D] [thread 6409] [4.0] [cxt 0] Processing packet received on port 2
[12:52:35.533] [bmv2] [D] [thread 6409] [4.0] [cxt 0] Parser 'parser': start
[12:52:35.533] [bmv2] [D] [thread 6409] [4.0] [cxt 0] Parser 'parser' entering state 'start'
[12:52:35.533] [bmv2] [D] [thread 6409] [4.0] [cxt 0] Parser state 'start' has no switch, going to default next state
[12:52:35.533] [bmv2] [T] [thread 6409] [4.0] [cxt 0] Bytes parsed: 0
[12:52:35.533] [bmv2] [D] [thread 6409] [4.0] [cxt 0] Parser 'parser': end
[12:52:35.533] [bmv2] [D] [thread 6409] [4.0] [cxt 0] Pipeline 'ingress': start
[12:52:35.533] [bmv2] [T] [thread 6409] [4.0] [cxt 0] Applying table 'MyIngress.ipv4_lpm'
[12:52:35.533] [bmv2] [D] [thread 6409] [4.0] [cxt 0] Looking up key:
* hdr.ipv4.dstAddr    : 00000000

[12:52:35.533] [bmv2] [D] [thread 6409] [4.0] [cxt 0] Table 'MyIngress.ipv4_lpm': miss
[12:52:35.533] [bmv2] [D] [thread 6409] [4.0] [cxt 0] Action entry is NoAction - 
[12:52:35.533] [bmv2] [T] [thread 6409] [4.0] [cxt 0] Action NoAction
[12:52:35.533] [bmv2] [D] [thread 6409] [4.0] [cxt 0] Pipeline 'ingress': end
[12:52:35.533] [bmv2] [D] [thread 6409] [4.0] [cxt 0] Egress port is 0
[12:52:35.533] [bmv2] [D] [thread 6410] [4.0] [cxt 0] Pipeline 'egress': start
[12:52:35.534] [bmv2] [D] [thread 6410] [4.0] [cxt 0] Pipeline 'egress': end
[12:52:35.534] [bmv2] [D] [thread 6410] [4.0] [cxt 0] Deparser 'deparser': start
[12:52:35.534] [bmv2] [T] [thread 6410] [4.0] [cxt 0] Skipping checksum 'cksum' update because condition not met
[12:52:35.534] [bmv2] [D] [thread 6410] [4.0] [cxt 0] Deparser 'deparser': end
[12:52:35.534] [bmv2] [D] [thread 6414] [4.0] [cxt 0] Transmitting packet of size 225 out of port 0
[12:52:35.599] [bmv2] [D] [thread 6409] [5.0] [cxt 0] Processing packet received on port 1
[12:52:35.599] [bmv2] [D] [thread 6409] [5.0] [cxt 0] Parser 'parser': start
[12:52:35.599] [bmv2] [D] [thread 6409] [5.0] [cxt 0] Parser 'parser' entering state 'start'
[12:52:35.599] [bmv2] [D] [thread 6409] [5.0] [cxt 0] Parser state 'start' has no switch, going to default next state
[12:52:35.599] [bmv2] [T] [thread 6409] [5.0] [cxt 0] Bytes parsed: 0
[12:52:35.599] [bmv2] [D] [thread 6409] [5.0] [cxt 0] Parser 'parser': end
[12:52:35.599] [bmv2] [D] [thread 6409] [5.0] [cxt 0] Pipeline 'ingress': start
[12:52:35.599] [bmv2] [T] [thread 6409] [5.0] [cxt 0] Applying table 'MyIngress.ipv4_lpm'
[12:52:35.600] [bmv2] [D] [thread 6409] [5.0] [cxt 0] Looking up key:
* hdr.ipv4.dstAddr    : 00000000

[12:52:35.600] [bmv2] [D] [thread 6409] [5.0] [cxt 0] Table 'MyIngress.ipv4_lpm': miss
[12:52:35.600] [bmv2] [D] [thread 6409] [5.0] [cxt 0] Action entry is NoAction - 
[12:52:35.600] [bmv2] [T] [thread 6409] [5.0] [cxt 0] Action NoAction
[12:52:35.600] [bmv2] [D] [thread 6409] [5.0] [cxt 0] Pipeline 'ingress': end
[12:52:35.600] [bmv2] [D] [thread 6409] [5.0] [cxt 0] Egress port is 0
[12:52:35.600] [bmv2] [D] [thread 6410] [5.0] [cxt 0] Pipeline 'egress': start
[12:52:35.600] [bmv2] [D] [thread 6410] [5.0] [cxt 0] Pipeline 'egress': end
[12:52:35.600] [bmv2] [D] [thread 6410] [5.0] [cxt 0] Deparser 'deparser': start
[12:52:35.600] [bmv2] [T] [thread 6410] [5.0] [cxt 0] Skipping checksum 'cksum' update because condition not met
[12:52:35.600] [bmv2] [D] [thread 6410] [5.0] [cxt 0] Deparser 'deparser': end
[12:52:35.600] [bmv2] [D] [thread 6414] [5.0] [cxt 0] Transmitting packet of size 213 out of port 0
[12:52:35.608] [bmv2] [D] [thread 6409] [6.0] [cxt 0] Processing packet received on port 2
[12:52:35.608] [bmv2] [D] [thread 6409] [6.0] [cxt 0] Parser 'parser': start
[12:52:35.608] [bmv2] [D] [thread 6409] [6.0] [cxt 0] Parser 'parser' entering state 'start'
[12:52:35.608] [bmv2] [D] [thread 6409] [6.0] [cxt 0] Parser state 'start' has no switch, going to default next state
[12:52:35.608] [bmv2] [T] [thread 6409] [6.0] [cxt 0] Bytes parsed: 0
[12:52:35.608] [bmv2] [D] [thread 6409] [6.0] [cxt 0] Parser 'parser': end
[12:52:35.608] [bmv2] [D] [thread 6409] [6.0] [cxt 0] Pipeline 'ingress': start
[12:52:35.608] [bmv2] [T] [thread 6409] [6.0] [cxt 0] Applying table 'MyIngress.ipv4_lpm'
[12:52:35.608] [bmv2] [D] [thread 6409] [6.0] [cxt 0] Looking up key:
* hdr.ipv4.dstAddr    : 00000000

[12:52:35.608] [bmv2] [D] [thread 6409] [6.0] [cxt 0] Table 'MyIngress.ipv4_lpm': miss
[12:52:35.608] [bmv2] [D] [thread 6409] [6.0] [cxt 0] Action entry is NoAction - 
[12:52:35.608] [bmv2] [T] [thread 6409] [6.0] [cxt 0] Action NoAction
[12:52:35.608] [bmv2] [D] [thread 6409] [6.0] [cxt 0] Pipeline 'ingress': end
[12:52:35.608] [bmv2] [D] [thread 6409] [6.0] [cxt 0] Egress port is 0
[12:52:35.608] [bmv2] [D] [thread 6410] [6.0] [cxt 0] Pipeline 'egress': start
[12:52:35.608] [bmv2] [D] [thread 6410] [6.0] [cxt 0] Pipeline 'egress': end
[12:52:35.608] [bmv2] [D] [thread 6410] [6.0] [cxt 0] Deparser 'deparser': start
[12:52:35.608] [bmv2] [T] [thread 6410] [6.0] [cxt 0] Skipping checksum 'cksum' update because condition not met
[12:52:35.608] [bmv2] [D] [thread 6410] [6.0] [cxt 0] Deparser 'deparser': end
[12:52:35.608] [bmv2] [D] [thread 6414] [6.0] [cxt 0] Transmitting packet of size 203 out of port 0
[12:52:35.730] [bmv2] [D] [thread 6409] [7.0] [cxt 0] Processing packet received on port 2
[12:52:35.730] [bmv2] [D] [thread 6409] [7.0] [cxt 0] Parser 'parser': start
[12:52:35.730] [bmv2] [D] [thread 6409] [7.0] [cxt 0] Parser 'parser' entering state 'start'
[12:52:35.730] [bmv2] [D] [thread 6409] [7.0] [cxt 0] Parser state 'start' has no switch, going to default next state
[12:52:35.730] [bmv2] [T] [thread 6409] [7.0] [cxt 0] Bytes parsed: 0
[12:52:35.730] [bmv2] [D] [thread 6409] [7.0] [cxt 0] Parser 'parser': end
[12:52:35.730] [bmv2] [D] [thread 6409] [7.0] [cxt 0] Pipeline 'ingress': start
[12:52:35.730] [bmv2] [T] [thread 6409] [7.0] [cxt 0] Applying table 'MyIngress.ipv4_lpm'
[12:52:35.730] [bmv2] [D] [thread 6409] [7.0] [cxt 0] Looking up key:
* hdr.ipv4.dstAddr    : 00000000

[12:52:35.730] [bmv2] [D] [thread 6409] [7.0] [cxt 0] Table 'MyIngress.ipv4_lpm': miss
[12:52:35.730] [bmv2] [D] [thread 6409] [7.0] [cxt 0] Action entry is NoAction - 
[12:52:35.730] [bmv2] [T] [thread 6409] [7.0] [cxt 0] Action NoAction
[12:52:35.730] [bmv2] [D] [thread 6409] [7.0] [cxt 0] Pipeline 'ingress': end
[12:52:35.730] [bmv2] [D] [thread 6409] [7.0] [cxt 0] Egress port is 0
[12:52:35.730] [bmv2] [D] [thread 6410] [7.0] [cxt 0] Pipeline 'egress': start
[12:52:35.730] [bmv2] [D] [thread 6410] [7.0] [cxt 0] Pipeline 'egress': end
[12:52:35.730] [bmv2] [D] [thread 6410] [7.0] [cxt 0] Deparser 'deparser': start
[12:52:35.730] [bmv2] [T] [thread 6410] [7.0] [cxt 0] Skipping checksum 'cksum' update because condition not met
[12:52:35.730] [bmv2] [D] [thread 6410] [7.0] [cxt 0] Deparser 'deparser': end
[12:52:35.730] [bmv2] [D] [thread 6414] [7.0] [cxt 0] Transmitting packet of size 213 out of port 0
[12:52:35.751] [bmv2] [D] [thread 6409] [8.0] [cxt 0] Processing packet received on port 2
[12:52:35.751] [bmv2] [D] [thread 6409] [8.0] [cxt 0] Parser 'parser': start
[12:52:35.751] [bmv2] [D] [thread 6409] [8.0] [cxt 0] Parser 'parser' entering state 'start'
[12:52:35.752] [bmv2] [D] [thread 6409] [8.0] [cxt 0] Parser state 'start' has no switch, going to default next state
[12:52:35.752] [bmv2] [T] [thread 6409] [8.0] [cxt 0] Bytes parsed: 0
[12:52:35.752] [bmv2] [D] [thread 6409] [8.0] [cxt 0] Parser 'parser': end
[12:52:35.752] [bmv2] [D] [thread 6409] [8.0] [cxt 0] Pipeline 'ingress': start
[12:52:35.752] [bmv2] [T] [thread 6409] [8.0] [cxt 0] Applying table 'MyIngress.ipv4_lpm'
[12:52:35.752] [bmv2] [D] [thread 6409] [8.0] [cxt 0] Looking up key:
* hdr.ipv4.dstAddr    : 00000000

[12:52:35.752] [bmv2] [D] [thread 6409] [8.0] [cxt 0] Table 'MyIngress.ipv4_lpm': miss
[12:52:35.752] [bmv2] [D] [thread 6409] [8.0] [cxt 0] Action entry is NoAction - 
[12:52:35.752] [bmv2] [T] [thread 6409] [8.0] [cxt 0] Action NoAction
[12:52:35.752] [bmv2] [D] [thread 6409] [8.0] [cxt 0] Pipeline 'ingress': end
[12:52:35.752] [bmv2] [D] [thread 6409] [8.0] [cxt 0] Egress port is 0
[12:52:35.752] [bmv2] [D] [thread 6410] [8.0] [cxt 0] Pipeline 'egress': start
[12:52:35.752] [bmv2] [D] [thread 6410] [8.0] [cxt 0] Pipeline 'egress': end
[12:52:35.752] [bmv2] [D] [thread 6410] [8.0] [cxt 0] Deparser 'deparser': start
[12:52:35.752] [bmv2] [T] [thread 6410] [8.0] [cxt 0] Skipping checksum 'cksum' update because condition not met
[12:52:35.752] [bmv2] [D] [thread 6410] [8.0] [cxt 0] Deparser 'deparser': end
[12:52:35.752] [bmv2] [D] [thread 6414] [8.0] [cxt 0] Transmitting packet of size 90 out of port 0
[12:52:35.813] [bmv2] [D] [thread 6409] [9.0] [cxt 0] Processing packet received on port 1
[12:52:35.813] [bmv2] [D] [thread 6409] [9.0] [cxt 0] Parser 'parser': start
[12:52:35.813] [bmv2] [D] [thread 6409] [9.0] [cxt 0] Parser 'parser' entering state 'start'
[12:52:35.813] [bmv2] [D] [thread 6409] [9.0] [cxt 0] Parser state 'start' has no switch, going to default next state
[12:52:35.813] [bmv2] [T] [thread 6409] [9.0] [cxt 0] Bytes parsed: 0
[12:52:35.813] [bmv2] [D] [thread 6409] [9.0] [cxt 0] Parser 'parser': end
[12:52:35.813] [bmv2] [D] [thread 6409] [9.0] [cxt 0] Pipeline 'ingress': start
[12:52:35.813] [bmv2] [T] [thread 6409] [9.0] [cxt 0] Applying table 'MyIngress.ipv4_lpm'
[12:52:35.813] [bmv2] [D] [thread 6409] [9.0] [cxt 0] Looking up key:
* hdr.ipv4.dstAddr    : 00000000

[12:52:35.813] [bmv2] [D] [thread 6409] [9.0] [cxt 0] Table 'MyIngress.ipv4_lpm': miss
[12:52:35.813] [bmv2] [D] [thread 6409] [9.0] [cxt 0] Action entry is NoAction - 
[12:52:35.813] [bmv2] [T] [thread 6409] [9.0] [cxt 0] Action NoAction
[12:52:35.813] [bmv2] [D] [thread 6409] [9.0] [cxt 0] Pipeline 'ingress': end
[12:52:35.813] [bmv2] [D] [thread 6409] [9.0] [cxt 0] Egress port is 0
[12:52:35.813] [bmv2] [D] [thread 6410] [9.0] [cxt 0] Pipeline 'egress': start
[12:52:35.813] [bmv2] [D] [thread 6410] [9.0] [cxt 0] Pipeline 'egress': end
[12:52:35.813] [bmv2] [D] [thread 6410] [9.0] [cxt 0] Deparser 'deparser': start
[12:52:35.813] [bmv2] [T] [thread 6410] [9.0] [cxt 0] Skipping checksum 'cksum' update because condition not met
[12:52:35.813] [bmv2] [D] [thread 6410] [9.0] [cxt 0] Deparser 'deparser': end
[12:52:35.813] [bmv2] [D] [thread 6414] [9.0] [cxt 0] Transmitting packet of size 90 out of port 0
[12:52:35.927] [bmv2] [D] [thread 6409] [10.0] [cxt 0] Processing packet received on port 1
[12:52:35.927] [bmv2] [D] [thread 6409] [10.0] [cxt 0] Parser 'parser': start
[12:52:35.927] [bmv2] [D] [thread 6409] [10.0] [cxt 0] Parser 'parser' entering state 'start'
[12:52:35.927] [bmv2] [D] [thread 6409] [10.0] [cxt 0] Parser state 'start' has no switch, going to default next state
[12:52:35.927] [bmv2] [T] [thread 6409] [10.0] [cxt 0] Bytes parsed: 0
[12:52:35.927] [bmv2] [D] [thread 6409] [10.0] [cxt 0] Parser 'parser': end
[12:52:35.927] [bmv2] [D] [thread 6409] [10.0] [cxt 0] Pipeline 'ingress': start
[12:52:35.927] [bmv2] [T] [thread 6409] [10.0] [cxt 0] Applying table 'MyIngress.ipv4_lpm'
[12:52:35.927] [bmv2] [D] [thread 6409] [10.0] [cxt 0] Looking up key:
* hdr.ipv4.dstAddr    : 00000000

[12:52:35.927] [bmv2] [D] [thread 6409] [10.0] [cxt 0] Table 'MyIngress.ipv4_lpm': miss
[12:52:35.927] [bmv2] [D] [thread 6409] [10.0] [cxt 0] Action entry is NoAction - 
[12:52:35.927] [bmv2] [T] [thread 6409] [10.0] [cxt 0] Action NoAction
[12:52:35.927] [bmv2] [D] [thread 6409] [10.0] [cxt 0] Pipeline 'ingress': end
[12:52:35.927] [bmv2] [D] [thread 6409] [10.0] [cxt 0] Egress port is 0
[12:52:35.928] [bmv2] [D] [thread 6410] [10.0] [cxt 0] Pipeline 'egress': start
[12:52:35.928] [bmv2] [D] [thread 6410] [10.0] [cxt 0] Pipeline 'egress': end
[12:52:35.928] [bmv2] [D] [thread 6410] [10.0] [cxt 0] Deparser 'deparser': start
[12:52:35.928] [bmv2] [T] [thread 6410] [10.0] [cxt 0] Skipping checksum 'cksum' update because condition not met
[12:52:35.928] [bmv2] [D] [thread 6410] [10.0] [cxt 0] Deparser 'deparser': end
[12:52:35.928] [bmv2] [D] [thread 6414] [10.0] [cxt 0] Transmitting packet of size 203 out of port 0
[12:52:36.056] [bmv2] [D] [thread 6409] [11.0] [cxt 0] Processing packet received on port 2
[12:52:36.056] [bmv2] [D] [thread 6409] [11.0] [cxt 0] Parser 'parser': start
[12:52:36.056] [bmv2] [D] [thread 6409] [11.0] [cxt 0] Parser 'parser' entering state 'start'
[12:52:36.056] [bmv2] [D] [thread 6409] [11.0] [cxt 0] Parser state 'start' has no switch, going to default next state
[12:52:36.056] [bmv2] [T] [thread 6409] [11.0] [cxt 0] Bytes parsed: 0
[12:52:36.056] [bmv2] [D] [thread 6409] [11.0] [cxt 0] Parser 'parser': end
[12:52:36.056] [bmv2] [D] [thread 6409] [11.0] [cxt 0] Pipeline 'ingress': start
[12:52:36.056] [bmv2] [T] [thread 6409] [11.0] [cxt 0] Applying table 'MyIngress.ipv4_lpm'
[12:52:36.056] [bmv2] [D] [thread 6409] [11.0] [cxt 0] Looking up key:
* hdr.ipv4.dstAddr    : 00000000

[12:52:36.056] [bmv2] [D] [thread 6409] [11.0] [cxt 0] Table 'MyIngress.ipv4_lpm': miss
[12:52:36.056] [bmv2] [D] [thread 6409] [11.0] [cxt 0] Action entry is NoAction - 
[12:52:36.056] [bmv2] [T] [thread 6409] [11.0] [cxt 0] Action NoAction
[12:52:36.056] [bmv2] [D] [thread 6409] [11.0] [cxt 0] Pipeline 'ingress': end
[12:52:36.056] [bmv2] [D] [thread 6409] [11.0] [cxt 0] Egress port is 0
[12:52:36.056] [bmv2] [D] [thread 6410] [11.0] [cxt 0] Pipeline 'egress': start
[12:52:36.056] [bmv2] [D] [thread 6410] [11.0] [cxt 0] Pipeline 'egress': end
[12:52:36.056] [bmv2] [D] [thread 6410] [11.0] [cxt 0] Deparser 'deparser': start
[12:52:36.056] [bmv2] [T] [thread 6410] [11.0] [cxt 0] Skipping checksum 'cksum' update because condition not met
[12:52:36.056] [bmv2] [D] [thread 6410] [11.0] [cxt 0] Deparser 'deparser': end
[12:52:36.057] [bmv2] [D] [thread 6414] [11.0] [cxt 0] Transmitting packet of size 203 out of port 0
[12:52:36.173] [bmv2] [D] [thread 6409] [12.0] [cxt 0] Processing packet received on port 1
[12:52:36.173] [bmv2] [D] [thread 6409] [12.0] [cxt 0] Parser 'parser': start
[12:52:36.173] [bmv2] [D] [thread 6409] [12.0] [cxt 0] Parser 'parser' entering state 'start'
[12:52:36.173] [bmv2] [D] [thread 6409] [12.0] [cxt 0] Parser state 'start' has no switch, going to default next state
[12:52:36.173] [bmv2] [T] [thread 6409] [12.0] [cxt 0] Bytes parsed: 0
[12:52:36.173] [bmv2] [D] [thread 6409] [12.0] [cxt 0] Parser 'parser': end
[12:52:36.173] [bmv2] [D] [thread 6409] [12.0] [cxt 0] Pipeline 'ingress': start
[12:52:36.173] [bmv2] [T] [thread 6409] [12.0] [cxt 0] Applying table 'MyIngress.ipv4_lpm'
[12:52:36.173] [bmv2] [D] [thread 6409] [12.0] [cxt 0] Looking up key:
* hdr.ipv4.dstAddr    : 00000000

[12:52:36.173] [bmv2] [D] [thread 6409] [12.0] [cxt 0] Table 'MyIngress.ipv4_lpm': miss
[12:52:36.173] [bmv2] [D] [thread 6409] [12.0] [cxt 0] Action entry is NoAction - 
[12:52:36.173] [bmv2] [T] [thread 6409] [12.0] [cxt 0] Action NoAction
[12:52:36.173] [bmv2] [D] [thread 6409] [12.0] [cxt 0] Pipeline 'ingress': end
[12:52:36.173] [bmv2] [D] [thread 6409] [12.0] [cxt 0] Egress port is 0
[12:52:36.173] [bmv2] [D] [thread 6410] [12.0] [cxt 0] Pipeline 'egress': start
[12:52:36.173] [bmv2] [D] [thread 6410] [12.0] [cxt 0] Pipeline 'egress': end
[12:52:36.173] [bmv2] [D] [thread 6410] [12.0] [cxt 0] Deparser 'deparser': start
[12:52:36.173] [bmv2] [T] [thread 6410] [12.0] [cxt 0] Skipping checksum 'cksum' update because condition not met
[12:52:36.173] [bmv2] [D] [thread 6410] [12.0] [cxt 0] Deparser 'deparser': end
[12:52:36.173] [bmv2] [D] [thread 6414] [12.0] [cxt 0] Transmitting packet of size 213 out of port 0
[12:52:36.302] [bmv2] [D] [thread 6409] [13.0] [cxt 0] Processing packet received on port 2
[12:52:36.302] [bmv2] [D] [thread 6409] [13.0] [cxt 0] Parser 'parser': start
[12:52:36.302] [bmv2] [D] [thread 6409] [13.0] [cxt 0] Parser 'parser' entering state 'start'
[12:52:36.302] [bmv2] [D] [thread 6409] [13.0] [cxt 0] Parser state 'start' has no switch, going to default next state
[12:52:36.302] [bmv2] [T] [thread 6409] [13.0] [cxt 0] Bytes parsed: 0
[12:52:36.302] [bmv2] [D] [thread 6409] [13.0] [cxt 0] Parser 'parser': end
[12:52:36.302] [bmv2] [D] [thread 6409] [13.0] [cxt 0] Pipeline 'ingress': start
[12:52:36.302] [bmv2] [T] [thread 6409] [13.0] [cxt 0] Applying table 'MyIngress.ipv4_lpm'
[12:52:36.302] [bmv2] [D] [thread 6409] [13.0] [cxt 0] Looking up key:
* hdr.ipv4.dstAddr    : 00000000

[12:52:36.302] [bmv2] [D] [thread 6409] [13.0] [cxt 0] Table 'MyIngress.ipv4_lpm': miss
[12:52:36.302] [bmv2] [D] [thread 6409] [13.0] [cxt 0] Action entry is NoAction - 
[12:52:36.302] [bmv2] [T] [thread 6409] [13.0] [cxt 0] Action NoAction
[12:52:36.303] [bmv2] [D] [thread 6409] [13.0] [cxt 0] Pipeline 'ingress': end
[12:52:36.303] [bmv2] [D] [thread 6409] [13.0] [cxt 0] Egress port is 0
[12:52:36.303] [bmv2] [D] [thread 6410] [13.0] [cxt 0] Pipeline 'egress': start
[12:52:36.303] [bmv2] [D] [thread 6410] [13.0] [cxt 0] Pipeline 'egress': end
[12:52:36.303] [bmv2] [D] [thread 6410] [13.0] [cxt 0] Deparser 'deparser': start
[12:52:36.303] [bmv2] [T] [thread 6410] [13.0] [cxt 0] Skipping checksum 'cksum' update because condition not met
[12:52:36.303] [bmv2] [D] [thread 6410] [13.0] [cxt 0] Deparser 'deparser': end
[12:52:36.303] [bmv2] [D] [thread 6414] [13.0] [cxt 0] Transmitting packet of size 213 out of port 0
[12:52:36.621] [bmv2] [D] [thread 6409] [14.0] [cxt 0] Processing packet received on port 1
[12:52:36.621] [bmv2] [D] [thread 6409] [14.0] [cxt 0] Parser 'parser': start
[12:52:36.621] [bmv2] [D] [thread 6409] [14.0] [cxt 0] Parser 'parser' entering state 'start'
[12:52:36.621] [bmv2] [D] [thread 6409] [14.0] [cxt 0] Parser state 'start' has no switch, going to default next state
[12:52:36.621] [bmv2] [T] [thread 6409] [14.0] [cxt 0] Bytes parsed: 0
[12:52:36.621] [bmv2] [D] [thread 6409] [14.0] [cxt 0] Parser 'parser': end
[12:52:36.621] [bmv2] [D] [thread 6409] [14.0] [cxt 0] Pipeline 'ingress': start
[12:52:36.621] [bmv2] [T] [thread 6409] [14.0] [cxt 0] Applying table 'MyIngress.ipv4_lpm'
[12:52:36.622] [bmv2] [D] [thread 6409] [14.0] [cxt 0] Looking up key:
* hdr.ipv4.dstAddr    : 00000000

[12:52:36.622] [bmv2] [D] [thread 6409] [14.0] [cxt 0] Table 'MyIngress.ipv4_lpm': miss
[12:52:36.622] [bmv2] [D] [thread 6409] [14.0] [cxt 0] Action entry is NoAction - 
[12:52:36.622] [bmv2] [T] [thread 6409] [14.0] [cxt 0] Action NoAction
[12:52:36.622] [bmv2] [D] [thread 6409] [14.0] [cxt 0] Pipeline 'ingress': end
[12:52:36.622] [bmv2] [D] [thread 6409] [14.0] [cxt 0] Egress port is 0
[12:52:36.622] [bmv2] [D] [thread 6410] [14.0] [cxt 0] Pipeline 'egress': start
[12:52:36.622] [bmv2] [D] [thread 6410] [14.0] [cxt 0] Pipeline 'egress': end
[12:52:36.622] [bmv2] [D] [thread 6410] [14.0] [cxt 0] Deparser 'deparser': start
[12:52:36.622] [bmv2] [T] [thread 6410] [14.0] [cxt 0] Skipping checksum 'cksum' update because condition not met
[12:52:36.622] [bmv2] [D] [thread 6410] [14.0] [cxt 0] Deparser 'deparser': end
[12:52:36.622] [bmv2] [D] [thread 6414] [14.0] [cxt 0] Transmitting packet of size 213 out of port 0
[12:52:36.753] [bmv2] [D] [thread 6409] [15.0] [cxt 0] Processing packet received on port 2
[12:52:36.753] [bmv2] [D] [thread 6409] [15.0] [cxt 0] Parser 'parser': start
[12:52:36.753] [bmv2] [D] [thread 6409] [15.0] [cxt 0] Parser 'parser' entering state 'start'
[12:52:36.753] [bmv2] [D] [thread 6409] [15.0] [cxt 0] Parser state 'start' has no switch, going to default next state
[12:52:36.753] [bmv2] [T] [thread 6409] [15.0] [cxt 0] Bytes parsed: 0
[12:52:36.753] [bmv2] [D] [thread 6409] [15.0] [cxt 0] Parser 'parser': end
[12:52:36.753] [bmv2] [D] [thread 6409] [15.0] [cxt 0] Pipeline 'ingress': start
[12:52:36.753] [bmv2] [T] [thread 6409] [15.0] [cxt 0] Applying table 'MyIngress.ipv4_lpm'
[12:52:36.753] [bmv2] [D] [thread 6409] [15.0] [cxt 0] Looking up key:
* hdr.ipv4.dstAddr    : 00000000

[12:52:36.753] [bmv2] [D] [thread 6409] [15.0] [cxt 0] Table 'MyIngress.ipv4_lpm': miss
[12:52:36.753] [bmv2] [D] [thread 6409] [15.0] [cxt 0] Action entry is NoAction - 
[12:52:36.753] [bmv2] [T] [thread 6409] [15.0] [cxt 0] Action NoAction
[12:52:36.753] [bmv2] [D] [thread 6409] [15.0] [cxt 0] Pipeline 'ingress': end
[12:52:36.753] [bmv2] [D] [thread 6409] [15.0] [cxt 0] Egress port is 0
[12:52:36.753] [bmv2] [D] [thread 6410] [15.0] [cxt 0] Pipeline 'egress': start
[12:52:36.753] [bmv2] [D] [thread 6410] [15.0] [cxt 0] Pipeline 'egress': end
[12:52:36.753] [bmv2] [D] [thread 6410] [15.0] [cxt 0] Deparser 'deparser': start
[12:52:36.753] [bmv2] [T] [thread 6410] [15.0] [cxt 0] Skipping checksum 'cksum' update because condition not met
[12:52:36.753] [bmv2] [D] [thread 6410] [15.0] [cxt 0] Deparser 'deparser': end
[12:52:36.753] [bmv2] [D] [thread 6414] [15.0] [cxt 0] Transmitting packet of size 213 out of port 0
New connection
P4Runtime SetForwardingPipelineConfig
[12:52:36.895] [bmv2] [W] [thread 6454] [P4Runtime] p4::tmp::P4DeviceConfig is deprecated
[12:52:36.897] [bmv2] [D] [thread 6454] Set default default entry for table 'MyIngress.ipv4_lpm': NoAction - 
P4Runtime Write
device_id: 3
election_id {
  low: 1
}
updates {
  type: MODIFY
  entity {
    table_entry {
      table_id: 33574068
      action {
        action {
          action_id: 16805608
        }
      }
      is_default_action: true
    }
  }
}
[12:52:36.905] [bmv2] [D] [thread 6455] Set default entry for table 'MyIngress.ipv4_lpm': MyIngress.drop - 
P4Runtime Write
device_id: 3
election_id {
  low: 1
}
updates {
  type: INSERT
  entity {
    table_entry {
      table_id: 33574068
      match {
        field_id: 1
        lpm {
          value: "\n\000\001\001"
          prefix_len: 32
        }
      }
      action {
        action {
          action_id: 16799317
          params {
            param_id: 1
            value: "\010\000\000\000\001\000"
          }
          params {
            param_id: 2
            value: "\000\002"
          }
        }
      }
    }
  }
}
[12:52:36.911] [bmv2] [D] [thread 6454] Entry 0 added to table 'MyIngress.ipv4_lpm'
[12:52:36.911] [bmv2] [D] [thread 6454] Dumping entry 0
Match key:
* hdr.ipv4.dstAddr    : LPM       0a000101/32
Action entry: MyIngress.ipv4_forward - 80000000100,2,

P4Runtime Write
device_id: 3
election_id {
  low: 1
}
updates {
  type: INSERT
  entity {
    table_entry {
      table_id: 33574068
      match {
        field_id: 1
        lpm {
          value: "\n\000\002\002"
          prefix_len: 32
        }
      }
      action {
        action {
          action_id: 16799317
          params {
            param_id: 1
            value: "\010\000\000\000\001\000"
          }
          params {
            param_id: 2
            value: "\000\002"
          }
        }
      }
    }
  }
}
[12:52:36.913] [bmv2] [D] [thread 6454] Entry 1 added to table 'MyIngress.ipv4_lpm'
[12:52:36.913] [bmv2] [D] [thread 6454] Dumping entry 1
Match key:
* hdr.ipv4.dstAddr    : LPM       0a000202/32
Action entry: MyIngress.ipv4_forward - 80000000100,2,

P4Runtime Write
device_id: 3
election_id {
  low: 1
}
updates {
  type: INSERT
  entity {
    table_entry {
      table_id: 33574068
      match {
        field_id: 1
        lpm {
          value: "\n\000\003\003"
          prefix_len: 32
        }
      }
      action {
        action {
          action_id: 16799317
          params {
            param_id: 1
            value: "\010\000\000\000\002\000"
          }
          params {
            param_id: 2
            value: "\000\001"
          }
        }
      }
    }
  }
}
[12:52:36.914] [bmv2] [D] [thread 6454] Entry 2 added to table 'MyIngress.ipv4_lpm'
[12:52:36.914] [bmv2] [D] [thread 6454] Dumping entry 2
Match key:
* hdr.ipv4.dstAddr    : LPM       0a000303/32
Action entry: MyIngress.ipv4_forward - 80000000200,1,

P4Runtime Write
device_id: 3
election_id {
  low: 1
}
updates {
  type: INSERT
  entity {
    table_entry {
      table_id: 33574068
      match {
        field_id: 1
        lpm {
          value: "\n\000\004\004"
          prefix_len: 32
        }
      }
      action {
        action {
          action_id: 16799317
          params {
            param_id: 1
            value: "\010\000\000\000\002\000"
          }
          params {
            param_id: 2
            value: "\000\001"
          }
        }
      }
    }
  }
}
[12:52:36.915] [bmv2] [D] [thread 6454] Entry 3 added to table 'MyIngress.ipv4_lpm'
[12:52:36.915] [bmv2] [D] [thread 6454] Dumping entry 3
Match key:
* hdr.ipv4.dstAddr    : LPM       0a000404/32
Action entry: MyIngress.ipv4_forward - 80000000200,1,

Connection removed
[12:52:37.477] [bmv2] [D] [thread 6409] [16.0] [cxt 0] Processing packet received on port 1
[12:52:37.477] [bmv2] [D] [thread 6409] [16.0] [cxt 0] Parser 'parser': start
[12:52:37.477] [bmv2] [D] [thread 6409] [16.0] [cxt 0] Parser 'parser' entering state 'start'
[12:52:37.477] [bmv2] [D] [thread 6409] [16.0] [cxt 0] Parser state 'start' has no switch, going to default next state
[12:52:37.477] [bmv2] [T] [thread 6409] [16.0] [cxt 0] Bytes parsed: 0
[12:52:37.477] [bmv2] [D] [thread 6409] [16.0] [cxt 0] Parser 'parser': end
[12:52:37.477] [bmv2] [D] [thread 6409] [16.0] [cxt 0] Pipeline 'ingress': start
[12:52:37.477] [bmv2] [T] [thread 6409] [16.0] [cxt 0] Applying table 'MyIngress.ipv4_lpm'
[12:52:37.477] [bmv2] [D] [thread 6409] [16.0] [cxt 0] Looking up key:
* hdr.ipv4.dstAddr    : 00000000

[12:52:37.477] [bmv2] [D] [thread 6409] [16.0] [cxt 0] Table 'MyIngress.ipv4_lpm': miss
[12:52:37.477] [bmv2] [D] [thread 6409] [16.0] [cxt 0] Action entry is MyIngress.drop - 
[12:52:37.477] [bmv2] [T] [thread 6409] [16.0] [cxt 0] Action MyIngress.drop
[12:52:37.477] [bmv2] [T] [thread 6409] [16.0] [cxt 0] basic.p4(78) Primitive mark_to_drop(standard_metadata)
[12:52:37.477] [bmv2] [D] [thread 6409] [16.0] [cxt 0] Pipeline 'ingress': end
[12:52:37.477] [bmv2] [D] [thread 6409] [16.0] [cxt 0] Egress port is 511
[12:52:37.478] [bmv2] [D] [thread 6409] [16.0] [cxt 0] Dropping packet at the end of ingress
[12:52:37.608] [bmv2] [D] [thread 6409] [17.0] [cxt 0] Processing packet received on port 2
[12:52:37.609] [bmv2] [D] [thread 6409] [17.0] [cxt 0] Parser 'parser': start
[12:52:37.609] [bmv2] [D] [thread 6409] [17.0] [cxt 0] Parser 'parser' entering state 'start'
[12:52:37.609] [bmv2] [D] [thread 6409] [17.0] [cxt 0] Parser state 'start' has no switch, going to default next state
[12:52:37.609] [bmv2] [T] [thread 6409] [17.0] [cxt 0] Bytes parsed: 0
[12:52:37.609] [bmv2] [D] [thread 6409] [17.0] [cxt 0] Parser 'parser': end
[12:52:37.609] [bmv2] [D] [thread 6409] [17.0] [cxt 0] Pipeline 'ingress': start
[12:52:37.609] [bmv2] [T] [thread 6409] [17.0] [cxt 0] Applying table 'MyIngress.ipv4_lpm'
[12:52:37.609] [bmv2] [D] [thread 6409] [17.0] [cxt 0] Looking up key:
* hdr.ipv4.dstAddr    : 00000000

[12:52:37.609] [bmv2] [D] [thread 6409] [17.0] [cxt 0] Table 'MyIngress.ipv4_lpm': miss
[12:52:37.609] [bmv2] [D] [thread 6409] [17.0] [cxt 0] Action entry is MyIngress.drop - 
[12:52:37.609] [bmv2] [T] [thread 6409] [17.0] [cxt 0] Action MyIngress.drop
[12:52:37.609] [bmv2] [T] [thread 6409] [17.0] [cxt 0] basic.p4(78) Primitive mark_to_drop(standard_metadata)
[12:52:37.609] [bmv2] [D] [thread 6409] [17.0] [cxt 0] Pipeline 'ingress': end
[12:52:37.609] [bmv2] [D] [thread 6409] [17.0] [cxt 0] Egress port is 511
[12:52:37.609] [bmv2] [D] [thread 6409] [17.0] [cxt 0] Dropping packet at the end of ingress
[12:52:37.927] [bmv2] [D] [thread 6409] [18.0] [cxt 0] Processing packet received on port 1
[12:52:37.927] [bmv2] [D] [thread 6409] [18.0] [cxt 0] Parser 'parser': start
[12:52:37.927] [bmv2] [D] [thread 6409] [18.0] [cxt 0] Parser 'parser' entering state 'start'
[12:52:37.927] [bmv2] [D] [thread 6409] [18.0] [cxt 0] Parser state 'start' has no switch, going to default next state
[12:52:37.927] [bmv2] [T] [thread 6409] [18.0] [cxt 0] Bytes parsed: 0
[12:52:37.927] [bmv2] [D] [thread 6409] [18.0] [cxt 0] Parser 'parser': end
[12:52:37.928] [bmv2] [D] [thread 6409] [18.0] [cxt 0] Pipeline 'ingress': start
[12:52:37.928] [bmv2] [T] [thread 6409] [18.0] [cxt 0] Applying table 'MyIngress.ipv4_lpm'
[12:52:37.928] [bmv2] [D] [thread 6409] [18.0] [cxt 0] Looking up key:
* hdr.ipv4.dstAddr    : 00000000

[12:52:37.928] [bmv2] [D] [thread 6409] [18.0] [cxt 0] Table 'MyIngress.ipv4_lpm': miss
[12:52:37.928] [bmv2] [D] [thread 6409] [18.0] [cxt 0] Action entry is MyIngress.drop - 
[12:52:37.928] [bmv2] [T] [thread 6409] [18.0] [cxt 0] Action MyIngress.drop
[12:52:37.928] [bmv2] [T] [thread 6409] [18.0] [cxt 0] basic.p4(78) Primitive mark_to_drop(standard_metadata)
[12:52:37.928] [bmv2] [D] [thread 6409] [18.0] [cxt 0] Pipeline 'ingress': end
[12:52:37.928] [bmv2] [D] [thread 6409] [18.0] [cxt 0] Egress port is 511
[12:52:37.928] [bmv2] [D] [thread 6409] [18.0] [cxt 0] Dropping packet at the end of ingress
[12:52:38.063] [bmv2] [D] [thread 6409] [19.0] [cxt 0] Processing packet received on port 2
[12:52:38.063] [bmv2] [D] [thread 6409] [19.0] [cxt 0] Parser 'parser': start
[12:52:38.063] [bmv2] [D] [thread 6409] [19.0] [cxt 0] Parser 'parser' entering state 'start'
[12:52:38.063] [bmv2] [D] [thread 6409] [19.0] [cxt 0] Parser state 'start' has no switch, going to default next state
[12:52:38.063] [bmv2] [T] [thread 6409] [19.0] [cxt 0] Bytes parsed: 0
[12:52:38.063] [bmv2] [D] [thread 6409] [19.0] [cxt 0] Parser 'parser': end
[12:52:38.063] [bmv2] [D] [thread 6409] [19.0] [cxt 0] Pipeline 'ingress': start
[12:52:38.063] [bmv2] [T] [thread 6409] [19.0] [cxt 0] Applying table 'MyIngress.ipv4_lpm'
[12:52:38.063] [bmv2] [D] [thread 6409] [19.0] [cxt 0] Looking up key:
* hdr.ipv4.dstAddr    : 00000000

[12:52:38.063] [bmv2] [D] [thread 6409] [19.0] [cxt 0] Table 'MyIngress.ipv4_lpm': miss
[12:52:38.063] [bmv2] [D] [thread 6409] [19.0] [cxt 0] Action entry is MyIngress.drop - 
[12:52:38.063] [bmv2] [T] [thread 6409] [19.0] [cxt 0] Action MyIngress.drop
[12:52:38.063] [bmv2] [T] [thread 6409] [19.0] [cxt 0] basic.p4(78) Primitive mark_to_drop(standard_metadata)
[12:52:38.063] [bmv2] [D] [thread 6409] [19.0] [cxt 0] Pipeline 'ingress': end
[12:52:38.063] [bmv2] [D] [thread 6409] [19.0] [cxt 0] Egress port is 511
[12:52:38.063] [bmv2] [D] [thread 6409] [19.0] [cxt 0] Dropping packet at the end of ingress
[12:52:38.195] [bmv2] [D] [thread 6409] [20.0] [cxt 0] Processing packet received on port 1
[12:52:38.195] [bmv2] [D] [thread 6409] [20.0] [cxt 0] Parser 'parser': start
[12:52:38.195] [bmv2] [D] [thread 6409] [20.0] [cxt 0] Parser 'parser' entering state 'start'
[12:52:38.195] [bmv2] [D] [thread 6409] [20.0] [cxt 0] Parser state 'start' has no switch, going to default next state
[12:52:38.195] [bmv2] [T] [thread 6409] [20.0] [cxt 0] Bytes parsed: 0
[12:52:38.195] [bmv2] [D] [thread 6409] [20.0] [cxt 0] Parser 'parser': end
[12:52:38.195] [bmv2] [D] [thread 6409] [20.0] [cxt 0] Pipeline 'ingress': start
[12:52:38.195] [bmv2] [T] [thread 6409] [20.0] [cxt 0] Applying table 'MyIngress.ipv4_lpm'
[12:52:38.195] [bmv2] [D] [thread 6409] [20.0] [cxt 0] Looking up key:
* hdr.ipv4.dstAddr    : 00000000

[12:52:38.195] [bmv2] [D] [thread 6409] [20.0] [cxt 0] Table 'MyIngress.ipv4_lpm': miss
[12:52:38.195] [bmv2] [D] [thread 6409] [20.0] [cxt 0] Action entry is MyIngress.drop - 
[12:52:38.195] [bmv2] [T] [thread 6409] [20.0] [cxt 0] Action MyIngress.drop
[12:52:38.196] [bmv2] [T] [thread 6409] [20.0] [cxt 0] basic.p4(78) Primitive mark_to_drop(standard_metadata)
[12:52:38.196] [bmv2] [D] [thread 6409] [20.0] [cxt 0] Pipeline 'ingress': end
[12:52:38.196] [bmv2] [D] [thread 6409] [20.0] [cxt 0] Egress port is 511
[12:52:38.196] [bmv2] [D] [thread 6409] [20.0] [cxt 0] Dropping packet at the end of ingress
[12:52:38.325] [bmv2] [D] [thread 6409] [21.0] [cxt 0] Processing packet received on port 2
[12:52:38.325] [bmv2] [D] [thread 6409] [21.0] [cxt 0] Parser 'parser': start
[12:52:38.325] [bmv2] [D] [thread 6409] [21.0] [cxt 0] Parser 'parser' entering state 'start'
[12:52:38.325] [bmv2] [D] [thread 6409] [21.0] [cxt 0] Parser state 'start' has no switch, going to default next state
[12:52:38.325] [bmv2] [T] [thread 6409] [21.0] [cxt 0] Bytes parsed: 0
[12:52:38.325] [bmv2] [D] [thread 6409] [21.0] [cxt 0] Parser 'parser': end
[12:52:38.325] [bmv2] [D] [thread 6409] [21.0] [cxt 0] Pipeline 'ingress': start
[12:52:38.325] [bmv2] [T] [thread 6409] [21.0] [cxt 0] Applying table 'MyIngress.ipv4_lpm'
[12:52:38.325] [bmv2] [D] [thread 6409] [21.0] [cxt 0] Looking up key:
* hdr.ipv4.dstAddr    : 00000000

[12:52:38.325] [bmv2] [D] [thread 6409] [21.0] [cxt 0] Table 'MyIngress.ipv4_lpm': miss
[12:52:38.325] [bmv2] [D] [thread 6409] [21.0] [cxt 0] Action entry is MyIngress.drop - 
[12:52:38.325] [bmv2] [T] [thread 6409] [21.0] [cxt 0] Action MyIngress.drop
[12:52:38.325] [bmv2] [T] [thread 6409] [21.0] [cxt 0] basic.p4(78) Primitive mark_to_drop(standard_metadata)
[12:52:38.325] [bmv2] [D] [thread 6409] [21.0] [cxt 0] Pipeline 'ingress': end
[12:52:38.325] [bmv2] [D] [thread 6409] [21.0] [cxt 0] Egress port is 511
[12:52:38.325] [bmv2] [D] [thread 6409] [21.0] [cxt 0] Dropping packet at the end of ingress
[12:52:38.644] [bmv2] [D] [thread 6409] [22.0] [cxt 0] Processing packet received on port 1
[12:52:38.644] [bmv2] [D] [thread 6409] [22.0] [cxt 0] Parser 'parser': start
[12:52:38.644] [bmv2] [D] [thread 6409] [22.0] [cxt 0] Parser 'parser' entering state 'start'
[12:52:38.644] [bmv2] [D] [thread 6409] [22.0] [cxt 0] Parser state 'start' has no switch, going to default next state
[12:52:38.644] [bmv2] [T] [thread 6409] [22.0] [cxt 0] Bytes parsed: 0
[12:52:38.645] [bmv2] [D] [thread 6409] [22.0] [cxt 0] Parser 'parser': end
[12:52:38.645] [bmv2] [D] [thread 6409] [22.0] [cxt 0] Pipeline 'ingress': start
[12:52:38.645] [bmv2] [T] [thread 6409] [22.0] [cxt 0] Applying table 'MyIngress.ipv4_lpm'
[12:52:38.645] [bmv2] [D] [thread 6409] [22.0] [cxt 0] Looking up key:
* hdr.ipv4.dstAddr    : 00000000

[12:52:38.645] [bmv2] [D] [thread 6409] [22.0] [cxt 0] Table 'MyIngress.ipv4_lpm': miss
[12:52:38.645] [bmv2] [D] [thread 6409] [22.0] [cxt 0] Action entry is MyIngress.drop - 
[12:52:38.645] [bmv2] [T] [thread 6409] [22.0] [cxt 0] Action MyIngress.drop
[12:52:38.645] [bmv2] [T] [thread 6409] [22.0] [cxt 0] basic.p4(78) Primitive mark_to_drop(standard_metadata)
[12:52:38.645] [bmv2] [D] [thread 6409] [22.0] [cxt 0] Pipeline 'ingress': end
[12:52:38.645] [bmv2] [D] [thread 6409] [22.0] [cxt 0] Egress port is 511
[12:52:38.645] [bmv2] [D] [thread 6409] [22.0] [cxt 0] Dropping packet at the end of ingress
[12:52:38.667] [bmv2] [D] [thread 6409] [23.0] [cxt 0] Processing packet received on port 1
[12:52:38.667] [bmv2] [D] [thread 6409] [23.0] [cxt 0] Parser 'parser': start
[12:52:38.667] [bmv2] [D] [thread 6409] [23.0] [cxt 0] Parser 'parser' entering state 'start'
[12:52:38.667] [bmv2] [D] [thread 6409] [23.0] [cxt 0] Parser state 'start' has no switch, going to default next state
[12:52:38.667] [bmv2] [T] [thread 6409] [23.0] [cxt 0] Bytes parsed: 0
[12:52:38.667] [bmv2] [D] [thread 6409] [23.0] [cxt 0] Parser 'parser': end
[12:52:38.667] [bmv2] [D] [thread 6409] [23.0] [cxt 0] Pipeline 'ingress': start
[12:52:38.667] [bmv2] [T] [thread 6409] [23.0] [cxt 0] Applying table 'MyIngress.ipv4_lpm'
[12:52:38.667] [bmv2] [D] [thread 6409] [23.0] [cxt 0] Looking up key:
* hdr.ipv4.dstAddr    : 00000000

[12:52:38.667] [bmv2] [D] [thread 6409] [23.0] [cxt 0] Table 'MyIngress.ipv4_lpm': miss
[12:52:38.667] [bmv2] [D] [thread 6409] [23.0] [cxt 0] Action entry is MyIngress.drop - 
[12:52:38.667] [bmv2] [T] [thread 6409] [23.0] [cxt 0] Action MyIngress.drop
[12:52:38.667] [bmv2] [T] [thread 6409] [23.0] [cxt 0] basic.p4(78) Primitive mark_to_drop(standard_metadata)
[12:52:38.667] [bmv2] [D] [thread 6409] [23.0] [cxt 0] Pipeline 'ingress': end
[12:52:38.667] [bmv2] [D] [thread 6409] [23.0] [cxt 0] Egress port is 511
[12:52:38.667] [bmv2] [D] [thread 6409] [23.0] [cxt 0] Dropping packet at the end of ingress
[12:52:38.667] [bmv2] [D] [thread 6409] [24.0] [cxt 0] Processing packet received on port 2
[12:52:38.667] [bmv2] [D] [thread 6409] [24.0] [cxt 0] Parser 'parser': start
[12:52:38.667] [bmv2] [D] [thread 6409] [24.0] [cxt 0] Parser 'parser' entering state 'start'
[12:52:38.667] [bmv2] [D] [thread 6409] [24.0] [cxt 0] Parser state 'start' has no switch, going to default next state
[12:52:38.667] [bmv2] [T] [thread 6409] [24.0] [cxt 0] Bytes parsed: 0
[12:52:38.667] [bmv2] [D] [thread 6409] [24.0] [cxt 0] Parser 'parser': end
[12:52:38.667] [bmv2] [D] [thread 6409] [24.0] [cxt 0] Pipeline 'ingress': start
[12:52:38.667] [bmv2] [T] [thread 6409] [24.0] [cxt 0] Applying table 'MyIngress.ipv4_lpm'
[12:52:38.667] [bmv2] [D] [thread 6409] [24.0] [cxt 0] Looking up key:
* hdr.ipv4.dstAddr    : 00000000

[12:52:38.667] [bmv2] [D] [thread 6409] [24.0] [cxt 0] Table 'MyIngress.ipv4_lpm': miss
[12:52:38.667] [bmv2] [D] [thread 6409] [24.0] [cxt 0] Action entry is MyIngress.drop - 
[12:52:38.667] [bmv2] [T] [thread 6409] [24.0] [cxt 0] Action MyIngress.drop
[12:52:38.667] [bmv2] [T] [thread 6409] [24.0] [cxt 0] basic.p4(78) Primitive mark_to_drop(standard_metadata)
[12:52:38.667] [bmv2] [D] [thread 6409] [24.0] [cxt 0] Pipeline 'ingress': end
[12:52:38.667] [bmv2] [D] [thread 6409] [24.0] [cxt 0] Egress port is 511
[12:52:38.667] [bmv2] [D] [thread 6409] [24.0] [cxt 0] Dropping packet at the end of ingress
[12:52:38.667] [bmv2] [D] [thread 6409] [25.0] [cxt 0] Processing packet received on port 1
[12:52:38.667] [bmv2] [D] [thread 6409] [25.0] [cxt 0] Parser 'parser': start
[12:52:38.667] [bmv2] [D] [thread 6409] [25.0] [cxt 0] Parser 'parser' entering state 'start'
[12:52:38.667] [bmv2] [D] [thread 6409] [25.0] [cxt 0] Parser state 'start' has no switch, going to default next state
[12:52:38.667] [bmv2] [T] [thread 6409] [25.0] [cxt 0] Bytes parsed: 0
[12:52:38.667] [bmv2] [D] [thread 6409] [25.0] [cxt 0] Parser 'parser': end
[12:52:38.667] [bmv2] [D] [thread 6409] [25.0] [cxt 0] Pipeline 'ingress': start
[12:52:38.667] [bmv2] [T] [thread 6409] [25.0] [cxt 0] Applying table 'MyIngress.ipv4_lpm'
[12:52:38.668] [bmv2] [D] [thread 6409] [25.0] [cxt 0] Looking up key:
* hdr.ipv4.dstAddr    : 00000000

[12:52:38.668] [bmv2] [D] [thread 6409] [25.0] [cxt 0] Table 'MyIngress.ipv4_lpm': miss
[12:52:38.668] [bmv2] [D] [thread 6409] [25.0] [cxt 0] Action entry is MyIngress.drop - 
[12:52:38.668] [bmv2] [T] [thread 6409] [25.0] [cxt 0] Action MyIngress.drop
[12:52:38.668] [bmv2] [T] [thread 6409] [25.0] [cxt 0] basic.p4(78) Primitive mark_to_drop(standard_metadata)
[12:52:38.668] [bmv2] [D] [thread 6409] [25.0] [cxt 0] Pipeline 'ingress': end
[12:52:38.668] [bmv2] [D] [thread 6409] [25.0] [cxt 0] Egress port is 511
[12:52:38.668] [bmv2] [D] [thread 6409] [25.0] [cxt 0] Dropping packet at the end of ingress
[12:52:38.774] [bmv2] [D] [thread 6409] [26.0] [cxt 0] Processing packet received on port 2
[12:52:38.774] [bmv2] [D] [thread 6409] [26.0] [cxt 0] Parser 'parser': start
[12:52:38.774] [bmv2] [D] [thread 6409] [26.0] [cxt 0] Parser 'parser' entering state 'start'
[12:52:38.774] [bmv2] [D] [thread 6409] [26.0] [cxt 0] Parser state 'start' has no switch, going to default next state
[12:52:38.774] [bmv2] [T] [thread 6409] [26.0] [cxt 0] Bytes parsed: 0
[12:52:38.774] [bmv2] [D] [thread 6409] [26.0] [cxt 0] Parser 'parser': end
[12:52:38.774] [bmv2] [D] [thread 6409] [26.0] [cxt 0] Pipeline 'ingress': start
[12:52:38.774] [bmv2] [T] [thread 6409] [26.0] [cxt 0] Applying table 'MyIngress.ipv4_lpm'
[12:52:38.774] [bmv2] [D] [thread 6409] [26.0] [cxt 0] Looking up key:
* hdr.ipv4.dstAddr    : 00000000

[12:52:38.774] [bmv2] [D] [thread 6409] [26.0] [cxt 0] Table 'MyIngress.ipv4_lpm': miss
[12:52:38.774] [bmv2] [D] [thread 6409] [26.0] [cxt 0] Action entry is MyIngress.drop - 
[12:52:38.774] [bmv2] [T] [thread 6409] [26.0] [cxt 0] Action MyIngress.drop
[12:52:38.774] [bmv2] [T] [thread 6409] [26.0] [cxt 0] basic.p4(78) Primitive mark_to_drop(standard_metadata)
[12:52:38.774] [bmv2] [D] [thread 6409] [26.0] [cxt 0] Pipeline 'ingress': end
[12:52:38.774] [bmv2] [D] [thread 6409] [26.0] [cxt 0] Egress port is 511
[12:52:38.774] [bmv2] [D] [thread 6409] [26.0] [cxt 0] Dropping packet at the end of ingress
[12:52:38.918] [bmv2] [D] [thread 6409] [27.0] [cxt 0] Processing packet received on port 2
[12:52:38.918] [bmv2] [D] [thread 6409] [27.0] [cxt 0] Parser 'parser': start
[12:52:38.919] [bmv2] [D] [thread 6409] [27.0] [cxt 0] Parser 'parser' entering state 'start'
[12:52:38.919] [bmv2] [D] [thread 6409] [27.0] [cxt 0] Parser state 'start' has no switch, going to default next state
[12:52:38.919] [bmv2] [T] [thread 6409] [27.0] [cxt 0] Bytes parsed: 0
[12:52:38.919] [bmv2] [D] [thread 6409] [27.0] [cxt 0] Parser 'parser': end
[12:52:38.919] [bmv2] [D] [thread 6409] [27.0] [cxt 0] Pipeline 'ingress': start
[12:52:38.919] [bmv2] [T] [thread 6409] [27.0] [cxt 0] Applying table 'MyIngress.ipv4_lpm'
[12:52:38.919] [bmv2] [D] [thread 6409] [27.0] [cxt 0] Looking up key:
* hdr.ipv4.dstAddr    : 00000000

[12:52:38.919] [bmv2] [D] [thread 6409] [27.0] [cxt 0] Table 'MyIngress.ipv4_lpm': miss
[12:52:38.919] [bmv2] [D] [thread 6409] [27.0] [cxt 0] Action entry is MyIngress.drop - 
[12:52:38.919] [bmv2] [T] [thread 6409] [27.0] [cxt 0] Action MyIngress.drop
[12:52:38.919] [bmv2] [T] [thread 6409] [27.0] [cxt 0] basic.p4(78) Primitive mark_to_drop(standard_metadata)
[12:52:38.919] [bmv2] [D] [thread 6409] [27.0] [cxt 0] Pipeline 'ingress': end
[12:52:38.919] [bmv2] [D] [thread 6409] [27.0] [cxt 0] Egress port is 511
[12:52:38.919] [bmv2] [D] [thread 6409] [27.0] [cxt 0] Dropping packet at the end of ingress
